!SESSION 2019-07-22 09:09:49.796 -----------------------------------------------
eclipse.buildId=4.12.0.I20190605-1800
java.version=1.8.0_221
java.vendor=Oracle Corporation
BootLoader constants: OS=win32, ARCH=x86_64, WS=win32, NL=en_US
Framework arguments:  -product org.eclipse.epp.package.jee.product
Command-line arguments:  -os win32 -ws win32 -arch x86_64 -product org.eclipse.epp.package.jee.product

!ENTRY org.eclipse.egit.core 1 0 2019-07-22 09:10:21.427
!MESSAGE Using Apache MINA sshd as ssh client.

!ENTRY org.eclipse.egit.ui 2 0 2019-07-22 09:10:41.148
!MESSAGE Warning: The environment variable HOME is not set. The following directory will be used to store the Git
user global configuration and to define the default location to store repositories: 'C:\Users\rassools'. If this is
not correct please set the HOME environment variable and restart Eclipse. Otherwise Git for Windows and
EGit might behave differently since they see different configuration options.
This warning can be switched off on the Team > Git > Confirmations and Warnings preference page.
!SESSION 2019-07-22 09:43:30.275 -----------------------------------------------
eclipse.buildId=4.12.0.I20190605-1800
java.version=1.8.0_221
java.vendor=Oracle Corporation
BootLoader constants: OS=win32, ARCH=x86_64, WS=win32, NL=en_US
Framework arguments:  -product org.eclipse.epp.package.jee.product -product org.eclipse.epp.package.jee.product
Command-line arguments:  -os win32 -ws win32 -arch x86_64 -product org.eclipse.epp.package.jee.product -data file:/C:/Users/rassools/Desktop/Fuse2/ -product org.eclipse.epp.package.jee.product

!ENTRY org.eclipse.egit.core 1 0 2019-07-22 09:43:35.738
!MESSAGE Using Apache MINA sshd as ssh client.

!ENTRY org.eclipse.egit.ui 2 0 2019-07-22 09:43:41.459
!MESSAGE Warning: The environment variable HOME is not set. The following directory will be used to store the Git
user global configuration and to define the default location to store repositories: 'C:\Users\rassools'. If this is
not correct please set the HOME environment variable and restart Eclipse. Otherwise Git for Windows and
EGit might behave differently since they see different configuration options.
This warning can be switched off on the Team > Git > Confirmations and Warnings preference page.

!ENTRY org.testng.eclipse 1 0 2019-07-22 09:51:06.231
!MESSAGE [TestNGLaunchConfigurationDelegate] Launching:
  Classpath: C:\Program Files\eclipse\configuration\org.eclipse.osgi\966\0\.cp\lib\testng-remote.jar C:\Users\rassools\Desktop\Fuse2\FuseAutomate\bin C:\Users\rassools\Documents\Selenium software\hamcrest-core-1.3.jar C:\Users\rassools\Documents\Selenium software\junit-4.12.jar C:\Users\rassools\Documents\Selenium software\selenium-server-standalone-3.141.59.jar C:\Users\rassools\Documents\Selenium software\TestNG\jcommander-1.69 (1).jar C:\Users\rassools\Documents\Selenium software\TestNG\testng-6.9.6 (1).jar C:\Users\rassools\Documents\Selenium software\TestNG\testng-6.11 (1).jar C:\Users\rassools\Documents\Selenium software\TestNG\testng-sources.jar C:\Users\rassools\Documents\Selenium software\ChromeD\chromedriver_win32.zip C:\Users\rassools\Documents\Selenium software\GekoD\geckodriver-v0.24.0-win64.zip C:\Users\rassools\Documents\Selenium software\IEDri\IEDriverServer_x64_3.14.0.zip
  VMArgs:    -ea
  Class:     org.testng.remote.RemoteTestNG
  Args:      -serport 51628 -protocol json -d C:\Users\rassools\Desktop\Fuse2\FuseAutomate\test-output C:\Users\rassools\AppData\Local\Temp\testng-eclipse--771020887\testng-customsuite.xml
java -ea -classpath C:\Program Files\eclipse\configuration\org.eclipse.osgi\966\0\.cp\lib\testng-remote.jar:C:\Users\rassools\Desktop\Fuse2\FuseAutomate\bin:C:\Users\rassools\Documents\Selenium software\hamcrest-core-1.3.jar:C:\Users\rassools\Documents\Selenium software\junit-4.12.jar:C:\Users\rassools\Documents\Selenium software\selenium-server-standalone-3.141.59.jar:C:\Users\rassools\Documents\Selenium software\TestNG\jcommander-1.69 (1).jar:C:\Users\rassools\Documents\Selenium software\TestNG\testng-6.9.6 (1).jar:C:\Users\rassools\Documents\Selenium software\TestNG\testng-6.11 (1).jar:C:\Users\rassools\Documents\Selenium software\TestNG\testng-sources.jar:C:\Users\rassools\Documents\Selenium software\ChromeD\chromedriver_win32.zip:C:\Users\rassools\Documents\Selenium software\GekoD\geckodriver-v0.24.0-win64.zip:C:\Users\rassools\Documents\Selenium software\IEDri\IEDriverServer_x64_3.14.0.zip org.testng.remote.RemoteTestNG -serport 51628 -protocol json -d C:\Users\rassools\Desktop\Fuse2\FuseAutomate\test-output C:\Users\rassools\AppData\Local\Temp\testng-eclipse--771020887\testng-customsuite.xml

!ENTRY org.testng.eclipse 1 0 2019-07-22 09:58:48.725
!MESSAGE [TestNGLaunchConfigurationDelegate] Launching:
  Classpath: C:\Program Files\eclipse\configuration\org.eclipse.osgi\966\0\.cp\lib\testng-remote.jar C:\Users\rassools\Desktop\Fuse2\FuseAutomate\bin C:\Users\rassools\Documents\Selenium software\hamcrest-core-1.3.jar C:\Users\rassools\Documents\Selenium software\junit-4.12.jar C:\Users\rassools\Documents\Selenium software\selenium-server-standalone-3.141.59.jar C:\Users\rassools\Documents\Selenium software\TestNG\jcommander-1.69 (1).jar C:\Users\rassools\Documents\Selenium software\TestNG\testng-6.9.6 (1).jar C:\Users\rassools\Documents\Selenium software\TestNG\testng-6.11 (1).jar C:\Users\rassools\Documents\Selenium software\TestNG\testng-sources.jar C:\Users\rassools\Documents\Selenium software\ChromeD\chromedriver_win32.zip C:\Users\rassools\Documents\Selenium software\GekoD\geckodriver-v0.24.0-win64.zip C:\Users\rassools\Documents\Selenium software\IEDri\IEDriverServer_x64_3.14.0.zip
  VMArgs:    -ea
  Class:     org.testng.remote.RemoteTestNG
  Args:      -serport 51786 -protocol json -d C:\Users\rassools\Desktop\Fuse2\FuseAutomate\test-output C:\Users\rassools\Desktop\Fuse2\FuseAutomate\testng.xml
java -ea -classpath C:\Program Files\eclipse\configuration\org.eclipse.osgi\966\0\.cp\lib\testng-remote.jar:C:\Users\rassools\Desktop\Fuse2\FuseAutomate\bin:C:\Users\rassools\Documents\Selenium software\hamcrest-core-1.3.jar:C:\Users\rassools\Documents\Selenium software\junit-4.12.jar:C:\Users\rassools\Documents\Selenium software\selenium-server-standalone-3.141.59.jar:C:\Users\rassools\Documents\Selenium software\TestNG\jcommander-1.69 (1).jar:C:\Users\rassools\Documents\Selenium software\TestNG\testng-6.9.6 (1).jar:C:\Users\rassools\Documents\Selenium software\TestNG\testng-6.11 (1).jar:C:\Users\rassools\Documents\Selenium software\TestNG\testng-sources.jar:C:\Users\rassools\Documents\Selenium software\ChromeD\chromedriver_win32.zip:C:\Users\rassools\Documents\Selenium software\GekoD\geckodriver-v0.24.0-win64.zip:C:\Users\rassools\Documents\Selenium software\IEDri\IEDriverServer_x64_3.14.0.zip org.testng.remote.RemoteTestNG -serport 51786 -protocol json -d C:\Users\rassools\Desktop\Fuse2\FuseAutomate\test-output C:\Users\rassools\Desktop\Fuse2\FuseAutomate\testng.xml

!ENTRY org.eclipse.m2e.logback.appender 4 0 2019-07-22 10:31:01.956
!MESSAGE Could not download sources for org.beanshell:bsh:2.0b4
!STACK 1
org.eclipse.core.runtime.CoreException: Could not resolve artifact org.beanshell:bsh:jar:sources:2.0b4
	at org.eclipse.m2e.core.internal.embedder.MavenImpl.lambda$4(MavenImpl.java:801)
	at org.eclipse.m2e.core.internal.embedder.MavenExecutionContext.executeBare(MavenExecutionContext.java:177)
	at org.eclipse.m2e.core.internal.embedder.MavenExecutionContext.execute(MavenExecutionContext.java:112)
	at org.eclipse.m2e.core.internal.embedder.MavenExecutionContext.execute(MavenExecutionContext.java:99)
	at org.eclipse.m2e.core.internal.embedder.MavenImpl.resolve(MavenImpl.java:769)
	at org.eclipse.m2e.core.internal.embedder.MavenImpl.resolve(MavenImpl.java:746)
	at org.eclipse.m2e.jdt.internal.DownloadSourcesJob.download(DownloadSourcesJob.java:328)
	at org.eclipse.m2e.jdt.internal.DownloadSourcesJob.downloadAttachments(DownloadSourcesJob.java:302)
	at org.eclipse.m2e.jdt.internal.DownloadSourcesJob.downloadMaven(DownloadSourcesJob.java:267)
	at org.eclipse.m2e.jdt.internal.DownloadSourcesJob.downloadFilesAndPopulateToUpdate(DownloadSourcesJob.java:231)
	at org.eclipse.m2e.jdt.internal.DownloadSourcesJob.lambda$0(DownloadSourcesJob.java:159)
	at org.eclipse.m2e.core.internal.embedder.MavenExecutionContext.executeBare(MavenExecutionContext.java:177)
	at org.eclipse.m2e.core.internal.embedder.MavenExecutionContext.execute(MavenExecutionContext.java:151)
	at org.eclipse.m2e.core.internal.embedder.MavenExecutionContext.execute(MavenExecutionContext.java:99)
	at org.eclipse.m2e.core.internal.embedder.MavenImpl.execute(MavenImpl.java:1374)
	at org.eclipse.m2e.jdt.internal.DownloadSourcesJob.run(DownloadSourcesJob.java:159)
	at org.eclipse.core.internal.jobs.Worker.run(Worker.java:63)
Contains: Missing org.beanshell:bsh:jar:sources:2.0b4
!SUBENTRY 1 org.eclipse.m2e.core 4 -1 2019-07-22 10:31:01.957
!MESSAGE Could not resolve artifact org.beanshell:bsh:jar:sources:2.0b4
!SUBENTRY 2 org.eclipse.m2e.core 4 -1 2019-07-22 10:31:01.957
!MESSAGE Missing org.beanshell:bsh:jar:sources:2.0b4

!ENTRY org.eclipse.m2e.logback.appender 4 0 2019-07-22 10:31:05.108
!MESSAGE Could not download sources for org.apache.ant:ant-launcher:1.7.0
!STACK 1
org.eclipse.core.runtime.CoreException: Could not resolve artifact org.apache.ant:ant-launcher:jar:sources:1.7.0
	at org.eclipse.m2e.core.internal.embedder.MavenImpl.lambda$4(MavenImpl.java:801)
	at org.eclipse.m2e.core.internal.embedder.MavenExecutionContext.executeBare(MavenExecutionContext.java:177)
	at org.eclipse.m2e.core.internal.embedder.MavenExecutionContext.execute(MavenExecutionContext.java:112)
	at org.eclipse.m2e.core.internal.embedder.MavenExecutionContext.execute(MavenExecutionContext.java:99)
	at org.eclipse.m2e.core.internal.embedder.MavenImpl.resolve(MavenImpl.java:769)
	at org.eclipse.m2e.core.internal.embedder.MavenImpl.resolve(MavenImpl.java:746)
	at org.eclipse.m2e.jdt.internal.DownloadSourcesJob.download(DownloadSourcesJob.java:328)
	at org.eclipse.m2e.jdt.internal.DownloadSourcesJob.downloadAttachments(DownloadSourcesJob.java:302)
	at org.eclipse.m2e.jdt.internal.DownloadSourcesJob.downloadMaven(DownloadSourcesJob.java:267)
	at org.eclipse.m2e.jdt.internal.DownloadSourcesJob.downloadFilesAndPopulateToUpdate(DownloadSourcesJob.java:231)
	at org.eclipse.m2e.jdt.internal.DownloadSourcesJob.lambda$0(DownloadSourcesJob.java:159)
	at org.eclipse.m2e.core.internal.embedder.MavenExecutionContext.executeBare(MavenExecutionContext.java:177)
	at org.eclipse.m2e.core.internal.embedder.MavenExecutionContext.execute(MavenExecutionContext.java:151)
	at org.eclipse.m2e.core.internal.embedder.MavenExecutionContext.execute(MavenExecutionContext.java:99)
	at org.eclipse.m2e.core.internal.embedder.MavenImpl.execute(MavenImpl.java:1374)
	at org.eclipse.m2e.jdt.internal.DownloadSourcesJob.run(DownloadSourcesJob.java:159)
	at org.eclipse.core.internal.jobs.Worker.run(Worker.java:63)
Contains: Missing org.apache.ant:ant-launcher:jar:sources:1.7.0
!SUBENTRY 1 org.eclipse.m2e.core 4 -1 2019-07-22 10:31:05.108
!MESSAGE Could not resolve artifact org.apache.ant:ant-launcher:jar:sources:1.7.0
!SUBENTRY 2 org.eclipse.m2e.core 4 -1 2019-07-22 10:31:05.108
!MESSAGE Missing org.apache.ant:ant-launcher:jar:sources:1.7.0

!ENTRY org.eclipse.m2e.logback.appender 4 0 2019-07-22 10:31:09.520
!MESSAGE Could not download javadoc for org.beanshell:bsh:2.0b4
!STACK 1
org.eclipse.core.runtime.CoreException: Could not resolve artifact org.beanshell:bsh:jar:javadoc:2.0b4
	at org.eclipse.m2e.core.internal.embedder.MavenImpl.lambda$4(MavenImpl.java:801)
	at org.eclipse.m2e.core.internal.embedder.MavenExecutionContext.executeBare(MavenExecutionContext.java:177)
	at org.eclipse.m2e.core.internal.embedder.MavenExecutionContext.execute(MavenExecutionContext.java:112)
	at org.eclipse.m2e.core.internal.embedder.MavenExecutionContext.execute(MavenExecutionContext.java:99)
	at org.eclipse.m2e.core.internal.embedder.MavenImpl.resolve(MavenImpl.java:769)
	at org.eclipse.m2e.core.internal.embedder.MavenImpl.resolve(MavenImpl.java:746)
	at org.eclipse.m2e.jdt.internal.DownloadSourcesJob.download(DownloadSourcesJob.java:328)
	at org.eclipse.m2e.jdt.internal.DownloadSourcesJob.downloadAttachments(DownloadSourcesJob.java:314)
	at org.eclipse.m2e.jdt.internal.DownloadSourcesJob.downloadMaven(DownloadSourcesJob.java:267)
	at org.eclipse.m2e.jdt.internal.DownloadSourcesJob.downloadFilesAndPopulateToUpdate(DownloadSourcesJob.java:231)
	at org.eclipse.m2e.jdt.internal.DownloadSourcesJob.lambda$0(DownloadSourcesJob.java:159)
	at org.eclipse.m2e.core.internal.embedder.MavenExecutionContext.executeBare(MavenExecutionContext.java:177)
	at org.eclipse.m2e.core.internal.embedder.MavenExecutionContext.execute(MavenExecutionContext.java:151)
	at org.eclipse.m2e.core.internal.embedder.MavenExecutionContext.execute(MavenExecutionContext.java:99)
	at org.eclipse.m2e.core.internal.embedder.MavenImpl.execute(MavenImpl.java:1374)
	at org.eclipse.m2e.jdt.internal.DownloadSourcesJob.run(DownloadSourcesJob.java:159)
	at org.eclipse.core.internal.jobs.Worker.run(Worker.java:63)
Contains: Missing org.beanshell:bsh:jar:javadoc:2.0b4
!SUBENTRY 1 org.eclipse.m2e.core 4 -1 2019-07-22 10:31:09.520
!MESSAGE Could not resolve artifact org.beanshell:bsh:jar:javadoc:2.0b4
!SUBENTRY 2 org.eclipse.m2e.core 4 -1 2019-07-22 10:31:09.520
!MESSAGE Missing org.beanshell:bsh:jar:javadoc:2.0b4

!ENTRY org.eclipse.m2e.logback.appender 4 0 2019-07-22 10:31:10.196
!MESSAGE Could not download javadoc for org.apache.ant:ant-launcher:1.7.0
!STACK 1
org.eclipse.core.runtime.CoreException: Could not resolve artifact org.apache.ant:ant-launcher:jar:javadoc:1.7.0
	at org.eclipse.m2e.core.internal.embedder.MavenImpl.lambda$4(MavenImpl.java:801)
	at org.eclipse.m2e.core.internal.embedder.MavenExecutionContext.executeBare(MavenExecutionContext.java:177)
	at org.eclipse.m2e.core.internal.embedder.MavenExecutionContext.execute(MavenExecutionContext.java:112)
	at org.eclipse.m2e.core.internal.embedder.MavenExecutionContext.execute(MavenExecutionContext.java:99)
	at org.eclipse.m2e.core.internal.embedder.MavenImpl.resolve(MavenImpl.java:769)
	at org.eclipse.m2e.core.internal.embedder.MavenImpl.resolve(MavenImpl.java:746)
	at org.eclipse.m2e.jdt.internal.DownloadSourcesJob.download(DownloadSourcesJob.java:328)
	at org.eclipse.m2e.jdt.internal.DownloadSourcesJob.downloadAttachments(DownloadSourcesJob.java:314)
	at org.eclipse.m2e.jdt.internal.DownloadSourcesJob.downloadMaven(DownloadSourcesJob.java:267)
	at org.eclipse.m2e.jdt.internal.DownloadSourcesJob.downloadFilesAndPopulateToUpdate(DownloadSourcesJob.java:231)
	at org.eclipse.m2e.jdt.internal.DownloadSourcesJob.lambda$0(DownloadSourcesJob.java:159)
	at org.eclipse.m2e.core.internal.embedder.MavenExecutionContext.executeBare(MavenExecutionContext.java:177)
	at org.eclipse.m2e.core.internal.embedder.MavenExecutionContext.execute(MavenExecutionContext.java:151)
	at org.eclipse.m2e.core.internal.embedder.MavenExecutionContext.execute(MavenExecutionContext.java:99)
	at org.eclipse.m2e.core.internal.embedder.MavenImpl.execute(MavenImpl.java:1374)
	at org.eclipse.m2e.jdt.internal.DownloadSourcesJob.run(DownloadSourcesJob.java:159)
	at org.eclipse.core.internal.jobs.Worker.run(Worker.java:63)
Contains: Missing org.apache.ant:ant-launcher:jar:javadoc:1.7.0
!SUBENTRY 1 org.eclipse.m2e.core 4 -1 2019-07-22 10:31:10.196
!MESSAGE Could not resolve artifact org.apache.ant:ant-launcher:jar:javadoc:1.7.0
!SUBENTRY 2 org.eclipse.m2e.core 4 -1 2019-07-22 10:31:10.196
!MESSAGE Missing org.apache.ant:ant-launcher:jar:javadoc:1.7.0

!ENTRY org.eclipse.m2e.logback.appender 4 0 2019-07-22 11:37:51.580
!MESSAGE Could not download sources for com.google.code.findbugs:jsr305:1.3.9
!STACK 1
org.eclipse.core.runtime.CoreException: Could not resolve artifact com.google.code.findbugs:jsr305:jar:sources:1.3.9
	at org.eclipse.m2e.core.internal.embedder.MavenImpl.lambda$4(MavenImpl.java:801)
	at org.eclipse.m2e.core.internal.embedder.MavenExecutionContext.executeBare(MavenExecutionContext.java:177)
	at org.eclipse.m2e.core.internal.embedder.MavenExecutionContext.execute(MavenExecutionContext.java:112)
	at org.eclipse.m2e.core.internal.embedder.MavenExecutionContext.execute(MavenExecutionContext.java:99)
	at org.eclipse.m2e.core.internal.embedder.MavenImpl.resolve(MavenImpl.java:769)
	at org.eclipse.m2e.core.internal.embedder.MavenImpl.resolve(MavenImpl.java:746)
	at org.eclipse.m2e.jdt.internal.DownloadSourcesJob.download(DownloadSourcesJob.java:328)
	at org.eclipse.m2e.jdt.internal.DownloadSourcesJob.downloadAttachments(DownloadSourcesJob.java:302)
	at org.eclipse.m2e.jdt.internal.DownloadSourcesJob.downloadMaven(DownloadSourcesJob.java:267)
	at org.eclipse.m2e.jdt.internal.DownloadSourcesJob.downloadFilesAndPopulateToUpdate(DownloadSourcesJob.java:231)
	at org.eclipse.m2e.jdt.internal.DownloadSourcesJob.lambda$0(DownloadSourcesJob.java:159)
	at org.eclipse.m2e.core.internal.embedder.MavenExecutionContext.executeBare(MavenExecutionContext.java:177)
	at org.eclipse.m2e.core.internal.embedder.MavenExecutionContext.execute(MavenExecutionContext.java:151)
	at org.eclipse.m2e.core.internal.embedder.MavenExecutionContext.execute(MavenExecutionContext.java:99)
	at org.eclipse.m2e.core.internal.embedder.MavenImpl.execute(MavenImpl.java:1374)
	at org.eclipse.m2e.jdt.internal.DownloadSourcesJob.run(DownloadSourcesJob.java:159)
	at org.eclipse.core.internal.jobs.Worker.run(Worker.java:63)
Contains: Missing com.google.code.findbugs:jsr305:jar:sources:1.3.9
!SUBENTRY 1 org.eclipse.m2e.core 4 -1 2019-07-22 11:37:51.581
!MESSAGE Could not resolve artifact com.google.code.findbugs:jsr305:jar:sources:1.3.9
!SUBENTRY 2 org.eclipse.m2e.core 4 -1 2019-07-22 11:37:51.581
!MESSAGE Missing com.google.code.findbugs:jsr305:jar:sources:1.3.9

!ENTRY org.eclipse.m2e.logback.appender 4 0 2019-07-22 11:38:09.306
!MESSAGE Could not download javadoc for com.google.code.findbugs:jsr305:1.3.9
!STACK 1
org.eclipse.core.runtime.CoreException: Could not resolve artifact com.google.code.findbugs:jsr305:jar:javadoc:1.3.9
	at org.eclipse.m2e.core.internal.embedder.MavenImpl.lambda$4(MavenImpl.java:801)
	at org.eclipse.m2e.core.internal.embedder.MavenExecutionContext.executeBare(MavenExecutionContext.java:177)
	at org.eclipse.m2e.core.internal.embedder.MavenExecutionContext.execute(MavenExecutionContext.java:112)
	at org.eclipse.m2e.core.internal.embedder.MavenExecutionContext.execute(MavenExecutionContext.java:99)
	at org.eclipse.m2e.core.internal.embedder.MavenImpl.resolve(MavenImpl.java:769)
	at org.eclipse.m2e.core.internal.embedder.MavenImpl.resolve(MavenImpl.java:746)
	at org.eclipse.m2e.jdt.internal.DownloadSourcesJob.download(DownloadSourcesJob.java:328)
	at org.eclipse.m2e.jdt.internal.DownloadSourcesJob.downloadAttachments(DownloadSourcesJob.java:314)
	at org.eclipse.m2e.jdt.internal.DownloadSourcesJob.downloadMaven(DownloadSourcesJob.java:267)
	at org.eclipse.m2e.jdt.internal.DownloadSourcesJob.downloadFilesAndPopulateToUpdate(DownloadSourcesJob.java:231)
	at org.eclipse.m2e.jdt.internal.DownloadSourcesJob.lambda$0(DownloadSourcesJob.java:159)
	at org.eclipse.m2e.core.internal.embedder.MavenExecutionContext.executeBare(MavenExecutionContext.java:177)
	at org.eclipse.m2e.core.internal.embedder.MavenExecutionContext.execute(MavenExecutionContext.java:151)
	at org.eclipse.m2e.core.internal.embedder.MavenExecutionContext.execute(MavenExecutionContext.java:99)
	at org.eclipse.m2e.core.internal.embedder.MavenImpl.execute(MavenImpl.java:1374)
	at org.eclipse.m2e.jdt.internal.DownloadSourcesJob.run(DownloadSourcesJob.java:159)
	at org.eclipse.core.internal.jobs.Worker.run(Worker.java:63)
Contains: Missing com.google.code.findbugs:jsr305:jar:javadoc:1.3.9
!SUBENTRY 1 org.eclipse.m2e.core 4 -1 2019-07-22 11:38:09.307
!MESSAGE Could not resolve artifact com.google.code.findbugs:jsr305:jar:javadoc:1.3.9
!SUBENTRY 2 org.eclipse.m2e.core 4 -1 2019-07-22 11:38:09.307
!MESSAGE Missing com.google.code.findbugs:jsr305:jar:javadoc:1.3.9

!ENTRY org.testng.eclipse 1 0 2019-07-22 12:07:51.712
!MESSAGE [TestNGLaunchConfigurationDelegate] Launching:
  Classpath: C:\Program Files\eclipse\configuration\org.eclipse.osgi\966\0\.cp\lib\testng-remote.jar C:\Users\rassools\Desktop\Fuse2\FuseAutomate\FuseLogin\target\test-classes C:\Users\rassools\Desktop\Fuse2\FuseAutomate\FuseLogin\target\classes C:\Users\rassools\.m2\repository\org\testng\testng\6.9.6\testng-6.9.6.jar C:\Users\rassools\.m2\repository\com\google\inject\guice\4.0\guice-4.0-no_aop.jar C:\Users\rassools\.m2\repository\javax\inject\javax.inject\1\javax.inject-1.jar C:\Users\rassools\.m2\repository\aopalliance\aopalliance\1.0\aopalliance-1.0.jar C:\Users\rassools\.m2\repository\org\beanshell\bsh\2.0b4\bsh-2.0b4.jar C:\Users\rassools\.m2\repository\org\apache\ant\ant\1.7.0\ant-1.7.0.jar C:\Users\rassools\.m2\repository\org\apache\ant\ant-launcher\1.7.0\ant-launcher-1.7.0.jar C:\Users\rassools\.m2\repository\com\beust\jcommander\1.48\jcommander-1.48.jar C:\Users\rassools\.m2\repository\org\yaml\snakeyaml\1.15\snakeyaml-1.15.jar C:\Users\rassools\.m2\repository\junit\junit\4.10\junit-4.10.jar C:\Users\rassools\.m2\repository\org\hamcrest\hamcrest-core\1.1\hamcrest-core-1.1.jar C:\Users\rassools\.m2\repository\org\seleniumhq\selenium\selenium-java\3.141.59\selenium-java-3.141.59.jar C:\Users\rassools\.m2\repository\org\seleniumhq\selenium\selenium-api\3.141.59\selenium-api-3.141.59.jar C:\Users\rassools\.m2\repository\org\seleniumhq\selenium\selenium-chrome-driver\3.141.59\selenium-chrome-driver-3.141.59.jar C:\Users\rassools\.m2\repository\org\seleniumhq\selenium\selenium-edge-driver\3.141.59\selenium-edge-driver-3.141.59.jar C:\Users\rassools\.m2\repository\org\seleniumhq\selenium\selenium-firefox-driver\3.141.59\selenium-firefox-driver-3.141.59.jar C:\Users\rassools\.m2\repository\org\seleniumhq\selenium\selenium-ie-driver\3.141.59\selenium-ie-driver-3.141.59.jar C:\Users\rassools\.m2\repository\org\seleniumhq\selenium\selenium-opera-driver\3.141.59\selenium-opera-driver-3.141.59.jar C:\Users\rassools\.m2\repository\org\seleniumhq\selenium\selenium-remote-driver\3.141.59\selenium-remote-driver-3.141.59.jar C:\Users\rassools\.m2\repository\org\seleniumhq\selenium\selenium-safari-driver\3.141.59\selenium-safari-driver-3.141.59.jar C:\Users\rassools\.m2\repository\org\seleniumhq\selenium\selenium-support\3.141.59\selenium-support-3.141.59.jar C:\Users\rassools\.m2\repository\net\bytebuddy\byte-buddy\1.8.15\byte-buddy-1.8.15.jar C:\Users\rassools\.m2\repository\org\apache\commons\commons-exec\1.3\commons-exec-1.3.jar C:\Users\rassools\.m2\repository\com\google\guava\guava\25.0-jre\guava-25.0-jre.jar C:\Users\rassools\.m2\repository\com\google\code\findbugs\jsr305\1.3.9\jsr305-1.3.9.jar C:\Users\rassools\.m2\repository\org\checkerframework\checker-compat-qual\2.0.0\checker-compat-qual-2.0.0.jar C:\Users\rassools\.m2\repository\com\google\errorprone\error_prone_annotations\2.1.3\error_prone_annotations-2.1.3.jar C:\Users\rassools\.m2\repository\com\google\j2objc\j2objc-annotations\1.1\j2objc-annotations-1.1.jar C:\Users\rassools\.m2\repository\org\codehaus\mojo\animal-sniffer-annotations\1.14\animal-sniffer-annotations-1.14.jar C:\Users\rassools\.m2\repository\com\squareup\okhttp3\okhttp\3.11.0\okhttp-3.11.0.jar C:\Users\rassools\.m2\repository\com\squareup\okio\okio\1.14.0\okio-1.14.0.jar C:\Users\rassools\.m2\repository\log4j\log4j\1.2.17\log4j-1.2.17.jar
  VMArgs:    -ea
  Class:     org.testng.remote.RemoteTestNG
  Args:      -serport 54489 -protocol json -d C:\Users\rassools\Desktop\Fuse2\FuseAutomate\FuseLogin\test-output C:\Users\rassools\AppData\Local\Temp\testng-eclipse-582937549\testng-customsuite.xml
java -ea -classpath C:\Program Files\eclipse\configuration\org.eclipse.osgi\966\0\.cp\lib\testng-remote.jar:C:\Users\rassools\Desktop\Fuse2\FuseAutomate\FuseLogin\target\test-classes:C:\Users\rassools\Desktop\Fuse2\FuseAutomate\FuseLogin\target\classes:C:\Users\rassools\.m2\repository\org\testng\testng\6.9.6\testng-6.9.6.jar:C:\Users\rassools\.m2\repository\com\google\inject\guice\4.0\guice-4.0-no_aop.jar:C:\Users\rassools\.m2\repository\javax\inject\javax.inject\1\javax.inject-1.jar:C:\Users\rassools\.m2\repository\aopalliance\aopalliance\1.0\aopalliance-1.0.jar:C:\Users\rassools\.m2\repository\org\beanshell\bsh\2.0b4\bsh-2.0b4.jar:C:\Users\rassools\.m2\repository\org\apache\ant\ant\1.7.0\ant-1.7.0.jar:C:\Users\rassools\.m2\repository\org\apache\ant\ant-launcher\1.7.0\ant-launcher-1.7.0.jar:C:\Users\rassools\.m2\repository\com\beust\jcommander\1.48\jcommander-1.48.jar:C:\Users\rassools\.m2\repository\org\yaml\snakeyaml\1.15\snakeyaml-1.15.jar:C:\Users\rassools\.m2\repository\junit\junit\4.10\junit-4.10.jar:C:\Users\rassools\.m2\repository\org\hamcrest\hamcrest-core\1.1\hamcrest-core-1.1.jar:C:\Users\rassools\.m2\repository\org\seleniumhq\selenium\selenium-java\3.141.59\selenium-java-3.141.59.jar:C:\Users\rassools\.m2\repository\org\seleniumhq\selenium\selenium-api\3.141.59\selenium-api-3.141.59.jar:C:\Users\rassools\.m2\repository\org\seleniumhq\selenium\selenium-chrome-driver\3.141.59\selenium-chrome-driver-3.141.59.jar:C:\Users\rassools\.m2\repository\org\seleniumhq\selenium\selenium-edge-driver\3.141.59\selenium-edge-driver-3.141.59.jar:C:\Users\rassools\.m2\repository\org\seleniumhq\selenium\selenium-firefox-driver\3.141.59\selenium-firefox-driver-3.141.59.jar:C:\Users\rassools\.m2\repository\org\seleniumhq\selenium\selenium-ie-driver\3.141.59\selenium-ie-driver-3.141.59.jar:C:\Users\rassools\.m2\repository\org\seleniumhq\selenium\selenium-opera-driver\3.141.59\selenium-opera-driver-3.141.59.jar:C:\Users\rassools\.m2\repository\org\seleniumhq\selenium\selenium-remote-driver\3.141.59\selenium-remote-driver-3.141.59.jar:C:\Users\rassools\.m2\repository\org\seleniumhq\selenium\selenium-safari-driver\3.141.59\selenium-safari-driver-3.141.59.jar:C:\Users\rassools\.m2\repository\org\seleniumhq\selenium\selenium-support\3.141.59\selenium-support-3.141.59.jar:C:\Users\rassools\.m2\repository\net\bytebuddy\byte-buddy\1.8.15\byte-buddy-1.8.15.jar:C:\Users\rassools\.m2\repository\org\apache\commons\commons-exec\1.3\commons-exec-1.3.jar:C:\Users\rassools\.m2\repository\com\google\guava\guava\25.0-jre\guava-25.0-jre.jar:C:\Users\rassools\.m2\repository\com\google\code\findbugs\jsr305\1.3.9\jsr305-1.3.9.jar:C:\Users\rassools\.m2\repository\org\checkerframework\checker-compat-qual\2.0.0\checker-compat-qual-2.0.0.jar:C:\Users\rassools\.m2\repository\com\google\errorprone\error_prone_annotations\2.1.3\error_prone_annotations-2.1.3.jar:C:\Users\rassools\.m2\repository\com\google\j2objc\j2objc-annotations\1.1\j2objc-annotations-1.1.jar:C:\Users\rassools\.m2\repository\org\codehaus\mojo\animal-sniffer-annotations\1.14\animal-sniffer-annotations-1.14.jar:C:\Users\rassools\.m2\repository\com\squareup\okhttp3\okhttp\3.11.0\okhttp-3.11.0.jar:C:\Users\rassools\.m2\repository\com\squareup\okio\okio\1.14.0\okio-1.14.0.jar:C:\Users\rassools\.m2\repository\log4j\log4j\1.2.17\log4j-1.2.17.jar org.testng.remote.RemoteTestNG -serport 54489 -protocol json -d C:\Users\rassools\Desktop\Fuse2\FuseAutomate\FuseLogin\test-output C:\Users\rassools\AppData\Local\Temp\testng-eclipse-582937549\testng-customsuite.xml

!ENTRY org.testng.eclipse 1 0 2019-07-22 12:08:50.225
!MESSAGE [TestNGLaunchConfigurationDelegate] Launching:
  Classpath: C:\Program Files\eclipse\configuration\org.eclipse.osgi\966\0\.cp\lib\testng-remote.jar C:\Users\rassools\Desktop\Fuse2\FuseAutomate\FuseLogin\target\test-classes C:\Users\rassools\Desktop\Fuse2\FuseAutomate\FuseLogin\target\classes C:\Users\rassools\.m2\repository\org\testng\testng\6.9.6\testng-6.9.6.jar C:\Users\rassools\.m2\repository\com\google\inject\guice\4.0\guice-4.0-no_aop.jar C:\Users\rassools\.m2\repository\javax\inject\javax.inject\1\javax.inject-1.jar C:\Users\rassools\.m2\repository\aopalliance\aopalliance\1.0\aopalliance-1.0.jar C:\Users\rassools\.m2\repository\org\beanshell\bsh\2.0b4\bsh-2.0b4.jar C:\Users\rassools\.m2\repository\org\apache\ant\ant\1.7.0\ant-1.7.0.jar C:\Users\rassools\.m2\repository\org\apache\ant\ant-launcher\1.7.0\ant-launcher-1.7.0.jar C:\Users\rassools\.m2\repository\com\beust\jcommander\1.48\jcommander-1.48.jar C:\Users\rassools\.m2\repository\org\yaml\snakeyaml\1.15\snakeyaml-1.15.jar C:\Users\rassools\.m2\repository\junit\junit\4.10\junit-4.10.jar C:\Users\rassools\.m2\repository\org\hamcrest\hamcrest-core\1.1\hamcrest-core-1.1.jar C:\Users\rassools\.m2\repository\org\seleniumhq\selenium\selenium-java\3.141.59\selenium-java-3.141.59.jar C:\Users\rassools\.m2\repository\org\seleniumhq\selenium\selenium-api\3.141.59\selenium-api-3.141.59.jar C:\Users\rassools\.m2\repository\org\seleniumhq\selenium\selenium-chrome-driver\3.141.59\selenium-chrome-driver-3.141.59.jar C:\Users\rassools\.m2\repository\org\seleniumhq\selenium\selenium-edge-driver\3.141.59\selenium-edge-driver-3.141.59.jar C:\Users\rassools\.m2\repository\org\seleniumhq\selenium\selenium-firefox-driver\3.141.59\selenium-firefox-driver-3.141.59.jar C:\Users\rassools\.m2\repository\org\seleniumhq\selenium\selenium-ie-driver\3.141.59\selenium-ie-driver-3.141.59.jar C:\Users\rassools\.m2\repository\org\seleniumhq\selenium\selenium-opera-driver\3.141.59\selenium-opera-driver-3.141.59.jar C:\Users\rassools\.m2\repository\org\seleniumhq\selenium\selenium-remote-driver\3.141.59\selenium-remote-driver-3.141.59.jar C:\Users\rassools\.m2\repository\org\seleniumhq\selenium\selenium-safari-driver\3.141.59\selenium-safari-driver-3.141.59.jar C:\Users\rassools\.m2\repository\org\seleniumhq\selenium\selenium-support\3.141.59\selenium-support-3.141.59.jar C:\Users\rassools\.m2\repository\net\bytebuddy\byte-buddy\1.8.15\byte-buddy-1.8.15.jar C:\Users\rassools\.m2\repository\org\apache\commons\commons-exec\1.3\commons-exec-1.3.jar C:\Users\rassools\.m2\repository\com\google\guava\guava\25.0-jre\guava-25.0-jre.jar C:\Users\rassools\.m2\repository\com\google\code\findbugs\jsr305\1.3.9\jsr305-1.3.9.jar C:\Users\rassools\.m2\repository\org\checkerframework\checker-compat-qual\2.0.0\checker-compat-qual-2.0.0.jar C:\Users\rassools\.m2\repository\com\google\errorprone\error_prone_annotations\2.1.3\error_prone_annotations-2.1.3.jar C:\Users\rassools\.m2\repository\com\google\j2objc\j2objc-annotations\1.1\j2objc-annotations-1.1.jar C:\Users\rassools\.m2\repository\org\codehaus\mojo\animal-sniffer-annotations\1.14\animal-sniffer-annotations-1.14.jar C:\Users\rassools\.m2\repository\com\squareup\okhttp3\okhttp\3.11.0\okhttp-3.11.0.jar C:\Users\rassools\.m2\repository\com\squareup\okio\okio\1.14.0\okio-1.14.0.jar C:\Users\rassools\.m2\repository\log4j\log4j\1.2.17\log4j-1.2.17.jar
  VMArgs:    -ea
  Class:     org.testng.remote.RemoteTestNG
  Args:      -serport 54533 -protocol json -d C:\Users\rassools\Desktop\Fuse2\FuseAutomate\FuseLogin\test-output C:\Users\rassools\AppData\Local\Temp\testng-eclipse--274775018\testng-customsuite.xml
java -ea -classpath C:\Program Files\eclipse\configuration\org.eclipse.osgi\966\0\.cp\lib\testng-remote.jar:C:\Users\rassools\Desktop\Fuse2\FuseAutomate\FuseLogin\target\test-classes:C:\Users\rassools\Desktop\Fuse2\FuseAutomate\FuseLogin\target\classes:C:\Users\rassools\.m2\repository\org\testng\testng\6.9.6\testng-6.9.6.jar:C:\Users\rassools\.m2\repository\com\google\inject\guice\4.0\guice-4.0-no_aop.jar:C:\Users\rassools\.m2\repository\javax\inject\javax.inject\1\javax.inject-1.jar:C:\Users\rassools\.m2\repository\aopalliance\aopalliance\1.0\aopalliance-1.0.jar:C:\Users\rassools\.m2\repository\org\beanshell\bsh\2.0b4\bsh-2.0b4.jar:C:\Users\rassools\.m2\repository\org\apache\ant\ant\1.7.0\ant-1.7.0.jar:C:\Users\rassools\.m2\repository\org\apache\ant\ant-launcher\1.7.0\ant-launcher-1.7.0.jar:C:\Users\rassools\.m2\repository\com\beust\jcommander\1.48\jcommander-1.48.jar:C:\Users\rassools\.m2\repository\org\yaml\snakeyaml\1.15\snakeyaml-1.15.jar:C:\Users\rassools\.m2\repository\junit\junit\4.10\junit-4.10.jar:C:\Users\rassools\.m2\repository\org\hamcrest\hamcrest-core\1.1\hamcrest-core-1.1.jar:C:\Users\rassools\.m2\repository\org\seleniumhq\selenium\selenium-java\3.141.59\selenium-java-3.141.59.jar:C:\Users\rassools\.m2\repository\org\seleniumhq\selenium\selenium-api\3.141.59\selenium-api-3.141.59.jar:C:\Users\rassools\.m2\repository\org\seleniumhq\selenium\selenium-chrome-driver\3.141.59\selenium-chrome-driver-3.141.59.jar:C:\Users\rassools\.m2\repository\org\seleniumhq\selenium\selenium-edge-driver\3.141.59\selenium-edge-driver-3.141.59.jar:C:\Users\rassools\.m2\repository\org\seleniumhq\selenium\selenium-firefox-driver\3.141.59\selenium-firefox-driver-3.141.59.jar:C:\Users\rassools\.m2\repository\org\seleniumhq\selenium\selenium-ie-driver\3.141.59\selenium-ie-driver-3.141.59.jar:C:\Users\rassools\.m2\repository\org\seleniumhq\selenium\selenium-opera-driver\3.141.59\selenium-opera-driver-3.141.59.jar:C:\Users\rassools\.m2\repository\org\seleniumhq\selenium\selenium-remote-driver\3.141.59\selenium-remote-driver-3.141.59.jar:C:\Users\rassools\.m2\repository\org\seleniumhq\selenium\selenium-safari-driver\3.141.59\selenium-safari-driver-3.141.59.jar:C:\Users\rassools\.m2\repository\org\seleniumhq\selenium\selenium-support\3.141.59\selenium-support-3.141.59.jar:C:\Users\rassools\.m2\repository\net\bytebuddy\byte-buddy\1.8.15\byte-buddy-1.8.15.jar:C:\Users\rassools\.m2\repository\org\apache\commons\commons-exec\1.3\commons-exec-1.3.jar:C:\Users\rassools\.m2\repository\com\google\guava\guava\25.0-jre\guava-25.0-jre.jar:C:\Users\rassools\.m2\repository\com\google\code\findbugs\jsr305\1.3.9\jsr305-1.3.9.jar:C:\Users\rassools\.m2\repository\org\checkerframework\checker-compat-qual\2.0.0\checker-compat-qual-2.0.0.jar:C:\Users\rassools\.m2\repository\com\google\errorprone\error_prone_annotations\2.1.3\error_prone_annotations-2.1.3.jar:C:\Users\rassools\.m2\repository\com\google\j2objc\j2objc-annotations\1.1\j2objc-annotations-1.1.jar:C:\Users\rassools\.m2\repository\org\codehaus\mojo\animal-sniffer-annotations\1.14\animal-sniffer-annotations-1.14.jar:C:\Users\rassools\.m2\repository\com\squareup\okhttp3\okhttp\3.11.0\okhttp-3.11.0.jar:C:\Users\rassools\.m2\repository\com\squareup\okio\okio\1.14.0\okio-1.14.0.jar:C:\Users\rassools\.m2\repository\log4j\log4j\1.2.17\log4j-1.2.17.jar org.testng.remote.RemoteTestNG -serport 54533 -protocol json -d C:\Users\rassools\Desktop\Fuse2\FuseAutomate\FuseLogin\test-output C:\Users\rassools\AppData\Local\Temp\testng-eclipse--274775018\testng-customsuite.xml

!ENTRY org.eclipse.m2e.logback.appender 4 0 2019-07-22 12:11:11.102
!MESSAGE Launch configuration TestLogin references non-existing project FuseLogin.
!STACK 1
org.eclipse.core.runtime.CoreException: Launch configuration TestLogin references non-existing project FuseLogin.
	at org.eclipse.jdt.launching.JavaRuntime.abort(JavaRuntime.java:1838)
	at org.eclipse.jdt.launching.JavaRuntime.getJavaProject(JavaRuntime.java:1713)
	at org.eclipse.m2e.jdt.internal.launch.MavenLaunchConfigurationListener.updateLaunchConfiguration(MavenLaunchConfigurationListener.java:53)
	at org.eclipse.m2e.jdt.internal.launch.MavenLaunchConfigurationListener.launchConfigurationChanged(MavenLaunchConfigurationListener.java:38)
	at org.eclipse.debug.internal.core.LaunchManager$ConfigurationNotifier.run(LaunchManager.java:225)
	at org.eclipse.core.runtime.SafeRunner.run(SafeRunner.java:45)
	at org.eclipse.debug.internal.core.LaunchManager$ConfigurationNotifier.notify(LaunchManager.java:209)
	at org.eclipse.debug.internal.core.LaunchConfigurationWorkingCopy.setDirty(LaunchConfigurationWorkingCopy.java:528)
	at org.eclipse.debug.internal.core.LaunchConfigurationWorkingCopy.setAttribute(LaunchConfigurationWorkingCopy.java:416)
	at org.eclipse.m2e.jdt.internal.launch.MavenRuntimeClasspathProvider.disable(MavenRuntimeClasspathProvider.java:352)
	at org.eclipse.m2e.jdt.internal.launch.MavenRuntimeClasspathProvider.disable(MavenRuntimeClasspathProvider.java:378)
	at org.eclipse.m2e.jdt.internal.launch.MavenLaunchConfigurationListener.mavenProjectChanged(MavenLaunchConfigurationListener.java:70)
	at org.eclipse.m2e.core.internal.project.registry.ProjectRegistryManager.notifyProjectChangeListeners(ProjectRegistryManager.java:825)
	at org.eclipse.m2e.core.internal.project.registry.ProjectRegistryManager.applyMutableProjectRegistry(ProjectRegistryManager.java:989)
	at org.eclipse.m2e.core.internal.project.registry.ProjectRegistryRefreshJob.lambda$0(ProjectRegistryRefreshJob.java:147)
	at org.eclipse.m2e.core.internal.embedder.MavenExecutionContext.executeBare(MavenExecutionContext.java:177)
	at org.eclipse.m2e.core.internal.embedder.MavenExecutionContext.execute(MavenExecutionContext.java:151)
	at org.eclipse.m2e.core.internal.embedder.MavenExecutionContext.execute(MavenExecutionContext.java:99)
	at org.eclipse.m2e.core.internal.embedder.MavenImpl.execute(MavenImpl.java:1374)
	at org.eclipse.m2e.core.internal.project.registry.ProjectRegistryRefreshJob.run(ProjectRegistryRefreshJob.java:82)
	at org.eclipse.core.internal.jobs.Worker.run(Worker.java:63)
!SUBENTRY 1 org.eclipse.jdt.launching 4 107 2019-07-22 12:11:11.102
!MESSAGE Launch configuration TestLogin references non-existing project FuseLogin.

!ENTRY org.eclipse.m2e.logback.appender 4 0 2019-07-22 12:11:11.104
!MESSAGE Launch configuration TestLogin references non-existing project FuseLogin.
!STACK 1
org.eclipse.core.runtime.CoreException: Launch configuration TestLogin references non-existing project FuseLogin.
	at org.eclipse.jdt.launching.JavaRuntime.abort(JavaRuntime.java:1838)
	at org.eclipse.jdt.launching.JavaRuntime.getJavaProject(JavaRuntime.java:1713)
	at org.eclipse.m2e.jdt.internal.launch.MavenLaunchConfigurationListener.updateLaunchConfiguration(MavenLaunchConfigurationListener.java:53)
	at org.eclipse.m2e.jdt.internal.launch.MavenLaunchConfigurationListener.launchConfigurationChanged(MavenLaunchConfigurationListener.java:38)
	at org.eclipse.debug.internal.core.LaunchManager$ConfigurationNotifier.run(LaunchManager.java:225)
	at org.eclipse.core.runtime.SafeRunner.run(SafeRunner.java:45)
	at org.eclipse.debug.internal.core.LaunchManager$ConfigurationNotifier.notify(LaunchManager.java:209)
	at org.eclipse.debug.internal.core.LaunchConfigurationWorkingCopy.setDirty(LaunchConfigurationWorkingCopy.java:528)
	at org.eclipse.debug.internal.core.LaunchConfigurationWorkingCopy.setAttribute(LaunchConfigurationWorkingCopy.java:416)
	at org.eclipse.m2e.jdt.internal.launch.MavenRuntimeClasspathProvider.disable(MavenRuntimeClasspathProvider.java:353)
	at org.eclipse.m2e.jdt.internal.launch.MavenRuntimeClasspathProvider.disable(MavenRuntimeClasspathProvider.java:378)
	at org.eclipse.m2e.jdt.internal.launch.MavenLaunchConfigurationListener.mavenProjectChanged(MavenLaunchConfigurationListener.java:70)
	at org.eclipse.m2e.core.internal.project.registry.ProjectRegistryManager.notifyProjectChangeListeners(ProjectRegistryManager.java:825)
	at org.eclipse.m2e.core.internal.project.registry.ProjectRegistryManager.applyMutableProjectRegistry(ProjectRegistryManager.java:989)
	at org.eclipse.m2e.core.internal.project.registry.ProjectRegistryRefreshJob.lambda$0(ProjectRegistryRefreshJob.java:147)
	at org.eclipse.m2e.core.internal.embedder.MavenExecutionContext.executeBare(MavenExecutionContext.java:177)
	at org.eclipse.m2e.core.internal.embedder.MavenExecutionContext.execute(MavenExecutionContext.java:151)
	at org.eclipse.m2e.core.internal.embedder.MavenExecutionContext.execute(MavenExecutionContext.java:99)
	at org.eclipse.m2e.core.internal.embedder.MavenImpl.execute(MavenImpl.java:1374)
	at org.eclipse.m2e.core.internal.project.registry.ProjectRegistryRefreshJob.run(ProjectRegistryRefreshJob.java:82)
	at org.eclipse.core.internal.jobs.Worker.run(Worker.java:63)
!SUBENTRY 1 org.eclipse.jdt.launching 4 107 2019-07-22 12:11:11.104
!MESSAGE Launch configuration TestLogin references non-existing project FuseLogin.

!ENTRY org.eclipse.m2e.logback.appender 4 0 2019-07-22 12:11:11.111
!MESSAGE Launch configuration TestLogin references non-existing project FuseLogin.
!STACK 1
org.eclipse.core.runtime.CoreException: Launch configuration TestLogin references non-existing project FuseLogin.
	at org.eclipse.jdt.launching.JavaRuntime.abort(JavaRuntime.java:1838)
	at org.eclipse.jdt.launching.JavaRuntime.getJavaProject(JavaRuntime.java:1713)
	at org.eclipse.m2e.jdt.internal.launch.MavenLaunchConfigurationListener.updateLaunchConfiguration(MavenLaunchConfigurationListener.java:53)
	at org.eclipse.m2e.jdt.internal.launch.MavenLaunchConfigurationListener.launchConfigurationChanged(MavenLaunchConfigurationListener.java:38)
	at org.eclipse.debug.internal.core.LaunchManager$ConfigurationNotifier.run(LaunchManager.java:225)
	at org.eclipse.core.runtime.SafeRunner.run(SafeRunner.java:45)
	at org.eclipse.debug.internal.core.LaunchManager$ConfigurationNotifier.notify(LaunchManager.java:209)
	at org.eclipse.debug.internal.core.LaunchManager.launchConfigurationChanged(LaunchManager.java:2151)
	at org.eclipse.debug.internal.core.LaunchConfigurationWorkingCopy.writeNewFile(LaunchConfigurationWorkingCopy.java:381)
	at org.eclipse.debug.internal.core.LaunchConfigurationWorkingCopy.doSave0(LaunchConfigurationWorkingCopy.java:258)
	at org.eclipse.debug.internal.core.LaunchConfigurationWorkingCopy.doSave(LaunchConfigurationWorkingCopy.java:228)
	at org.eclipse.debug.internal.core.LaunchConfigurationWorkingCopy.doSave(LaunchConfigurationWorkingCopy.java:186)
	at org.eclipse.m2e.jdt.internal.launch.MavenRuntimeClasspathProvider.disable(MavenRuntimeClasspathProvider.java:354)
	at org.eclipse.m2e.jdt.internal.launch.MavenRuntimeClasspathProvider.disable(MavenRuntimeClasspathProvider.java:378)
	at org.eclipse.m2e.jdt.internal.launch.MavenLaunchConfigurationListener.mavenProjectChanged(MavenLaunchConfigurationListener.java:70)
	at org.eclipse.m2e.core.internal.project.registry.ProjectRegistryManager.notifyProjectChangeListeners(ProjectRegistryManager.java:825)
	at org.eclipse.m2e.core.internal.project.registry.ProjectRegistryManager.applyMutableProjectRegistry(ProjectRegistryManager.java:989)
	at org.eclipse.m2e.core.internal.project.registry.ProjectRegistryRefreshJob.lambda$0(ProjectRegistryRefreshJob.java:147)
	at org.eclipse.m2e.core.internal.embedder.MavenExecutionContext.executeBare(MavenExecutionContext.java:177)
	at org.eclipse.m2e.core.internal.embedder.MavenExecutionContext.execute(MavenExecutionContext.java:151)
	at org.eclipse.m2e.core.internal.embedder.MavenExecutionContext.execute(MavenExecutionContext.java:99)
	at org.eclipse.m2e.core.internal.embedder.MavenImpl.execute(MavenImpl.java:1374)
	at org.eclipse.m2e.core.internal.project.registry.ProjectRegistryRefreshJob.run(ProjectRegistryRefreshJob.java:82)
	at org.eclipse.core.internal.jobs.Worker.run(Worker.java:63)
!SUBENTRY 1 org.eclipse.jdt.launching 4 107 2019-07-22 12:11:11.111
!MESSAGE Launch configuration TestLogin references non-existing project FuseLogin.

!ENTRY org.eclipse.epp.mpc.core 4 0 2019-07-22 12:36:32.299
!MESSAGE Resource not found: http://marketplace.eclipse.org/featured/api/p?client=org.eclipse.epp.mpc.core&client.version=1.7.7.v20190521-1752&os=win32&ws=win32&nl=en_US&java.version=1.8.0_221&product=org.eclipse.epp.package.jee.product&product.version=4.12.0.I20190605-1800&runtime.version=3.15.300.v20190508-0543&platform.version=4.12.0.v20190605-1800
!STACK 0
java.io.FileNotFoundException: http://marketplace.eclipse.org/featured/api/p?client=org.eclipse.epp.mpc.core&client.version=1.7.7.v20190521-1752&os=win32&ws=win32&nl=en_US&java.version=1.8.0_221&product=org.eclipse.epp.package.jee.product&product.version=4.12.0.I20190605-1800&runtime.version=3.15.300.v20190508-0543&platform.version=4.12.0.v20190605-1800
	at org.eclipse.equinox.internal.p2.transport.ecf.RepositoryStatusHelper.checkFileNotFound(RepositoryStatusHelper.java:297)
	at org.eclipse.equinox.internal.p2.transport.ecf.FileReader.checkException(FileReader.java:494)
	at org.eclipse.equinox.internal.p2.transport.ecf.FileReader.sendRetrieveRequest(FileReader.java:451)
	at org.eclipse.equinox.internal.p2.transport.ecf.FileReader.read(FileReader.java:286)
	at org.eclipse.equinox.internal.p2.transport.ecf.RepositoryTransport.stream(RepositoryTransport.java:175)
	at org.eclipse.oomph.p2.internal.core.CachingTransport.stream(CachingTransport.java:261)
	at sun.reflect.NativeMethodAccessorImpl.invoke0(Native Method)
	at sun.reflect.NativeMethodAccessorImpl.invoke(Unknown Source)
	at sun.reflect.DelegatingMethodAccessorImpl.invoke(Unknown Source)
	at java.lang.reflect.Method.invoke(Unknown Source)
	at org.eclipse.epp.internal.mpc.core.util.AbstractP2TransportFactory.invokeStream(AbstractP2TransportFactory.java:37)
	at org.eclipse.epp.internal.mpc.core.util.TransportFactory.lambda$0(TransportFactory.java:397)
	at org.eclipse.epp.internal.mpc.core.util.FallbackTransportFactory$FallbackTransport.primaryFailed(FallbackTransportFactory.java:128)
	at org.eclipse.epp.internal.mpc.core.util.FallbackTransportFactory$FallbackTransport.stream(FallbackTransportFactory.java:88)
	at org.eclipse.epp.internal.mpc.core.service.RemoteMarketplaceService.processRequest(RemoteMarketplaceService.java:165)
	at org.eclipse.epp.internal.mpc.core.service.RemoteMarketplaceService.processRequest(RemoteMarketplaceService.java:130)
	at org.eclipse.epp.internal.mpc.core.service.RemoteMarketplaceService.processRequest(RemoteMarketplaceService.java:117)
	at org.eclipse.epp.internal.mpc.core.service.DefaultMarketplaceService.featured(DefaultMarketplaceService.java:585)
	at org.eclipse.epp.internal.mpc.core.service.DefaultMarketplaceService.featured(DefaultMarketplaceService.java:566)
	at org.eclipse.epp.internal.mpc.core.service.DefaultMarketplaceService.featured(DefaultMarketplaceService.java:1)
	at org.eclipse.epp.internal.mpc.core.service.CachingMarketplaceService.lambda$2(CachingMarketplaceService.java:357)
	at org.eclipse.epp.internal.mpc.core.service.CachingMarketplaceService.performSearch(CachingMarketplaceService.java:331)
	at org.eclipse.epp.internal.mpc.core.service.CachingMarketplaceService.featured(CachingMarketplaceService.java:357)
	at org.eclipse.epp.internal.mpc.ui.catalog.MarketplaceDiscoveryStrategy.doPerformDiscovery(MarketplaceDiscoveryStrategy.java:245)
	at org.eclipse.epp.internal.mpc.ui.catalog.MarketplaceDiscoveryStrategy.performDiscovery(MarketplaceDiscoveryStrategy.java:236)
	at org.eclipse.equinox.internal.p2.discovery.Catalog.performDiscovery(Catalog.java:88)
	at org.eclipse.epp.internal.mpc.ui.catalog.MarketplaceCatalog.performDiscovery(MarketplaceCatalog.java:407)
	at org.eclipse.equinox.internal.p2.ui.discovery.wizards.CatalogViewer.lambda$1(CatalogViewer.java:571)
	at org.eclipse.jface.operation.ModalContext$ModalContextThread.run(ModalContext.java:122)

!ENTRY org.eclipse.eclemma.ui 4 4 2019-07-22 13:15:27.485
!MESSAGE Launch shortcut 'org.testng.eclipse.shortcut' enablement expression caused exception.
!STACK 1
org.eclipse.core.runtime.CoreException: No property tester contributes a property org.eclipse.debug.ui.matchesPattern to type class org.eclipse.jdt.internal.junit.model.TestCaseElement
	at org.eclipse.core.internal.expressions.TypeExtensionManager.getProperty(TypeExtensionManager.java:130)
	at org.eclipse.core.internal.expressions.TestExpression.evaluate(TestExpression.java:100)
	at org.eclipse.core.internal.expressions.CompositeExpression.evaluateOr(CompositeExpression.java:69)
	at org.eclipse.core.internal.expressions.OrExpression.evaluate(OrExpression.java:25)
	at org.eclipse.core.internal.expressions.CompositeExpression.evaluateAnd(CompositeExpression.java:55)
	at org.eclipse.core.internal.expressions.IterateExpression.evaluate(IterateExpression.java:165)
	at org.eclipse.core.internal.expressions.CompositeExpression.evaluateAnd(CompositeExpression.java:55)
	at org.eclipse.core.internal.expressions.WithExpression.evaluate(WithExpression.java:81)
	at org.eclipse.core.internal.expressions.CompositeExpression.evaluateAnd(CompositeExpression.java:55)
	at org.eclipse.core.internal.expressions.EnablementExpression.evaluate(EnablementExpression.java:58)
	at org.eclipse.eclemma.internal.ui.actions.ContextualLaunchableTester.test(ContextualLaunchableTester.java:52)
	at org.eclipse.core.internal.expressions.Property.test(Property.java:65)
	at org.eclipse.core.internal.expressions.TestExpression.evaluate(TestExpression.java:103)
	at org.eclipse.core.internal.expressions.CompositeExpression.evaluateAnd(CompositeExpression.java:55)
	at org.eclipse.core.internal.expressions.WithExpression.evaluate(WithExpression.java:81)
	at org.eclipse.core.internal.expressions.CompositeExpression.evaluateAnd(CompositeExpression.java:55)
	at org.eclipse.core.internal.expressions.EnablementExpression.evaluate(EnablementExpression.java:58)
	at org.eclipse.debug.internal.ui.launchConfigurations.LaunchShortcutExtension.evalEnablementExpression(LaunchShortcutExtension.java:281)
	at org.eclipse.debug.internal.ui.contextlaunching.LaunchingResourceManager.getShortcutsForSelection(LaunchingResourceManager.java:457)
	at org.eclipse.debug.internal.ui.contextlaunching.LaunchingResourceManager.computeLabels(LaunchingResourceManager.java:243)
	at org.eclipse.debug.internal.ui.contextlaunching.LaunchingResourceManager$1$1.run(LaunchingResourceManager.java:145)
	at org.eclipse.core.internal.jobs.Worker.run(Worker.java:63)
!SUBENTRY 1 org.eclipse.core.expressions 4 201 2019-07-22 13:15:27.486
!MESSAGE No property tester contributes a property org.eclipse.debug.ui.matchesPattern to type class org.eclipse.jdt.internal.junit.model.TestCaseElement

!ENTRY org.eclipse.eclemma.ui 4 4 2019-07-22 13:15:27.488
!MESSAGE Launch shortcut 'org.testng.eclipse.shortcut' enablement expression caused exception.
!STACK 1
org.eclipse.core.runtime.CoreException: No property tester contributes a property org.eclipse.debug.ui.matchesPattern to type class org.eclipse.jdt.internal.junit.model.TestCaseElement
	at org.eclipse.core.internal.expressions.TypeExtensionManager.getProperty(TypeExtensionManager.java:130)
	at org.eclipse.core.internal.expressions.TestExpression.evaluate(TestExpression.java:100)
	at org.eclipse.core.internal.expressions.CompositeExpression.evaluateOr(CompositeExpression.java:69)
	at org.eclipse.core.internal.expressions.OrExpression.evaluate(OrExpression.java:25)
	at org.eclipse.core.internal.expressions.CompositeExpression.evaluateAnd(CompositeExpression.java:55)
	at org.eclipse.core.internal.expressions.IterateExpression.evaluate(IterateExpression.java:165)
	at org.eclipse.core.internal.expressions.CompositeExpression.evaluateAnd(CompositeExpression.java:55)
	at org.eclipse.core.internal.expressions.WithExpression.evaluate(WithExpression.java:81)
	at org.eclipse.core.internal.expressions.CompositeExpression.evaluateAnd(CompositeExpression.java:55)
	at org.eclipse.core.internal.expressions.EnablementExpression.evaluate(EnablementExpression.java:58)
	at org.eclipse.eclemma.internal.ui.actions.ContextualLaunchableTester.test(ContextualLaunchableTester.java:52)
	at org.eclipse.core.internal.expressions.Property.test(Property.java:65)
	at org.eclipse.core.internal.expressions.TestExpression.evaluate(TestExpression.java:103)
	at org.eclipse.core.internal.expressions.CompositeExpression.evaluateAnd(CompositeExpression.java:55)
	at org.eclipse.core.internal.expressions.WithExpression.evaluate(WithExpression.java:81)
	at org.eclipse.core.internal.expressions.CompositeExpression.evaluateAnd(CompositeExpression.java:55)
	at org.eclipse.core.internal.expressions.EnablementExpression.evaluate(EnablementExpression.java:58)
	at org.eclipse.debug.internal.ui.launchConfigurations.LaunchShortcutExtension.evalEnablementExpression(LaunchShortcutExtension.java:281)
	at org.eclipse.debug.internal.ui.contextlaunching.LaunchingResourceManager.getShortcutsForSelection(LaunchingResourceManager.java:457)
	at org.eclipse.debug.internal.ui.contextlaunching.LaunchingResourceManager.computeLabels(LaunchingResourceManager.java:243)
	at org.eclipse.debug.internal.ui.contextlaunching.LaunchingResourceManager$1$1.run(LaunchingResourceManager.java:145)
	at org.eclipse.core.internal.jobs.Worker.run(Worker.java:63)
!SUBENTRY 1 org.eclipse.core.expressions 4 201 2019-07-22 13:15:27.488
!MESSAGE No property tester contributes a property org.eclipse.debug.ui.matchesPattern to type class org.eclipse.jdt.internal.junit.model.TestCaseElement

!ENTRY org.eclipse.eclemma.ui 4 4 2019-07-22 13:15:27.490
!MESSAGE Launch shortcut 'org.testng.eclipse.shortcut' enablement expression caused exception.
!STACK 1
org.eclipse.core.runtime.CoreException: No property tester contributes a property org.eclipse.debug.ui.matchesPattern to type class org.eclipse.jdt.internal.junit.model.TestCaseElement
	at org.eclipse.core.internal.expressions.TypeExtensionManager.getProperty(TypeExtensionManager.java:130)
	at org.eclipse.core.internal.expressions.TestExpression.evaluate(TestExpression.java:100)
	at org.eclipse.core.internal.expressions.CompositeExpression.evaluateOr(CompositeExpression.java:69)
	at org.eclipse.core.internal.expressions.OrExpression.evaluate(OrExpression.java:25)
	at org.eclipse.core.internal.expressions.CompositeExpression.evaluateAnd(CompositeExpression.java:55)
	at org.eclipse.core.internal.expressions.IterateExpression.evaluate(IterateExpression.java:165)
	at org.eclipse.core.internal.expressions.CompositeExpression.evaluateAnd(CompositeExpression.java:55)
	at org.eclipse.core.internal.expressions.WithExpression.evaluate(WithExpression.java:81)
	at org.eclipse.core.internal.expressions.CompositeExpression.evaluateAnd(CompositeExpression.java:55)
	at org.eclipse.core.internal.expressions.EnablementExpression.evaluate(EnablementExpression.java:58)
	at org.eclipse.eclemma.internal.ui.actions.ContextualLaunchableTester.test(ContextualLaunchableTester.java:52)
	at org.eclipse.core.internal.expressions.Property.test(Property.java:65)
	at org.eclipse.core.internal.expressions.TestExpression.evaluate(TestExpression.java:103)
	at org.eclipse.core.internal.expressions.CompositeExpression.evaluateAnd(CompositeExpression.java:55)
	at org.eclipse.core.internal.expressions.WithExpression.evaluate(WithExpression.java:81)
	at org.eclipse.core.internal.expressions.CompositeExpression.evaluateAnd(CompositeExpression.java:55)
	at org.eclipse.core.internal.expressions.EnablementExpression.evaluate(EnablementExpression.java:58)
	at org.eclipse.debug.internal.ui.launchConfigurations.LaunchShortcutExtension.evalEnablementExpression(LaunchShortcutExtension.java:281)
	at org.eclipse.debug.internal.ui.contextlaunching.LaunchingResourceManager.getShortcutsForSelection(LaunchingResourceManager.java:457)
	at org.eclipse.debug.internal.ui.contextlaunching.LaunchingResourceManager.computeLabels(LaunchingResourceManager.java:243)
	at org.eclipse.debug.internal.ui.contextlaunching.LaunchingResourceManager$1$1.run(LaunchingResourceManager.java:145)
	at org.eclipse.core.internal.jobs.Worker.run(Worker.java:63)
!SUBENTRY 1 org.eclipse.core.expressions 4 201 2019-07-22 13:15:27.490
!MESSAGE No property tester contributes a property org.eclipse.debug.ui.matchesPattern to type class org.eclipse.jdt.internal.junit.model.TestCaseElement

!ENTRY org.eclipse.m2e.core 4 -1 2019-07-22 13:35:12.947
!MESSAGE Could not read pom.xml
!STACK 0
org.apache.maven.model.io.ModelParseException: expected START_TAG or END_TAG not TEXT (position: TEXT seen ...e.org/POM/4.0.0 http://maven.apache.org/xsd/maven-4.0.0.xsd">\r\n\t<m... @4:4) 
	at org.apache.maven.model.io.DefaultModelReader.read(DefaultModelReader.java:114)
	at org.apache.maven.model.io.DefaultModelReader.read(DefaultModelReader.java:82)
	at org.eclipse.m2e.core.internal.embedder.MavenImpl.readModel(MavenImpl.java:559)
	at org.eclipse.m2e.core.internal.embedder.MavenImpl.readModel(MavenImpl.java:570)
	at org.eclipse.m2e.core.embedder.MavenModelManager.readMavenModel(MavenModelManager.java:99)
	at org.testng.eclipse.maven.MavenTestNGLaunchConfigurationProvider.getClasspath(MavenTestNGLaunchConfigurationProvider.java:131)
	at org.testng.eclipse.launch.TestNGLaunchConfigurationDelegate.getClasspath(TestNGLaunchConfigurationDelegate.java:374)
	at org.testng.eclipse.launch.TestNGLaunchConfigurationDelegate.createVMRunner(TestNGLaunchConfigurationDelegate.java:215)
	at org.testng.eclipse.launch.TestNGLaunchConfigurationDelegate.launchTypes(TestNGLaunchConfigurationDelegate.java:156)
	at org.testng.eclipse.launch.TestNGLaunchConfigurationDelegate.launch(TestNGLaunchConfigurationDelegate.java:93)
	at org.eclipse.debug.internal.core.LaunchConfiguration.launch(LaunchConfiguration.java:862)
	at org.eclipse.debug.internal.core.LaunchConfiguration.launch(LaunchConfiguration.java:720)
	at org.eclipse.debug.internal.ui.DebugUIPlugin.buildAndLaunch(DebugUIPlugin.java:1020)
	at org.eclipse.debug.internal.ui.DebugUIPlugin$2.run(DebugUIPlugin.java:1234)
	at org.eclipse.core.internal.jobs.Worker.run(Worker.java:63)
Caused by: org.codehaus.plexus.util.xml.pull.XmlPullParserException: expected START_TAG or END_TAG not TEXT (position: TEXT seen ...e.org/POM/4.0.0 http://maven.apache.org/xsd/maven-4.0.0.xsd">\r\n\t<m... @4:4) 
	at org.codehaus.plexus.util.xml.pull.MXParser.nextTag(MXParser.java:1309)
	at org.apache.maven.model.io.xpp3.MavenXpp3Reader.parseModel(MavenXpp3Reader.java:2072)
	at org.apache.maven.model.io.xpp3.MavenXpp3Reader.read(MavenXpp3Reader.java:3872)
	at org.apache.maven.model.io.xpp3.MavenXpp3Reader.read(MavenXpp3Reader.java:595)
	at org.apache.maven.model.io.DefaultModelReader.read(DefaultModelReader.java:109)
	... 14 more

!ENTRY org.eclipse.m2e.logback.appender 4 0 2019-07-22 13:36:27.641
!MESSAGE Failed to read Maven project: Some problems were encountered while processing the POMs:
[FATAL] Non-readable POM C:\Users\rassools\Desktop\Fuse2\FuseAutomate\FuseLogin\pom.xml: input contained no data @ 

!STACK 0
org.apache.maven.project.ProjectBuildingException: Some problems were encountered while processing the POMs:
[FATAL] Non-readable POM C:\Users\rassools\Desktop\Fuse2\FuseAutomate\FuseLogin\pom.xml: input contained no data @ 

	at org.eclipse.m2e.core.internal.embedder.MavenImpl.readMavenProjects(MavenImpl.java:676)
	at org.eclipse.m2e.core.internal.project.registry.ProjectRegistryManager.lambda$12(ProjectRegistryManager.java:871)
	at org.eclipse.m2e.core.internal.embedder.MavenExecutionContext.executeBare(MavenExecutionContext.java:177)
	at org.eclipse.m2e.core.internal.embedder.MavenExecutionContext.execute(MavenExecutionContext.java:151)
	at org.eclipse.m2e.core.internal.embedder.MavenExecutionContext.execute(MavenExecutionContext.java:99)
	at org.eclipse.m2e.core.internal.project.registry.ProjectRegistryManager.execute(ProjectRegistryManager.java:1026)
	at org.eclipse.m2e.core.internal.project.registry.ProjectRegistryManager.readProjectsWithDependencies(ProjectRegistryManager.java:867)
	at org.eclipse.m2e.core.internal.project.registry.ProjectRegistryManager.create(ProjectRegistryManager.java:207)
	at org.eclipse.m2e.core.internal.project.registry.MavenProjectManager.create(MavenProjectManager.java:80)
	at org.eclipse.m2e.core.ui.internal.actions.SelectionUtil.getMavenProject(SelectionUtil.java:259)
	at org.eclipse.m2e.editor.pom.MavenPomEditor.readMavenProject(MavenPomEditor.java:740)
	at org.eclipse.m2e.editor.pom.MavenPomEditor$5.run(MavenPomEditor.java:1074)
	at org.eclipse.core.internal.jobs.Worker.run(Worker.java:63)

!ENTRY org.eclipse.m2e.logback.appender 4 0 2019-07-22 13:36:27.663
!MESSAGE Could not read pom.xml
!STACK 1
org.eclipse.core.runtime.CoreException: Could not read pom.xml
	at org.eclipse.m2e.core.internal.embedder.MavenImpl.readModel(MavenImpl.java:561)
	at org.eclipse.m2e.core.internal.embedder.MavenImpl.readModel(MavenImpl.java:570)
	at org.eclipse.m2e.core.internal.project.registry.ProjectRegistryManager.refreshPhase2(ProjectRegistryManager.java:563)
	at org.eclipse.m2e.core.internal.project.registry.ProjectRegistryManager.refresh(ProjectRegistryManager.java:519)
	at org.eclipse.m2e.core.internal.project.registry.ProjectRegistryManager.refresh(ProjectRegistryManager.java:365)
	at org.eclipse.m2e.core.internal.project.registry.ProjectRegistryManager.refresh(ProjectRegistryManager.java:312)
	at org.eclipse.m2e.core.internal.builder.MavenBuilder$BuildMethod.getProjectFacade(MavenBuilder.java:155)
	at org.eclipse.m2e.core.internal.builder.MavenBuilder$BuildMethod$1.call(MavenBuilder.java:90)
	at org.eclipse.m2e.core.internal.embedder.MavenExecutionContext.executeBare(MavenExecutionContext.java:177)
	at org.eclipse.m2e.core.internal.embedder.MavenExecutionContext.execute(MavenExecutionContext.java:151)
	at org.eclipse.m2e.core.internal.embedder.MavenExecutionContext.execute(MavenExecutionContext.java:99)
	at org.eclipse.m2e.core.internal.builder.MavenBuilder$BuildMethod.execute(MavenBuilder.java:87)
	at org.eclipse.m2e.core.internal.builder.MavenBuilder.build(MavenBuilder.java:201)
	at org.eclipse.core.internal.events.BuildManager$2.run(BuildManager.java:833)
	at org.eclipse.core.runtime.SafeRunner.run(SafeRunner.java:45)
	at org.eclipse.core.internal.events.BuildManager.basicBuild(BuildManager.java:220)
	at org.eclipse.core.internal.events.BuildManager.basicBuild(BuildManager.java:263)
	at org.eclipse.core.internal.events.BuildManager$1.run(BuildManager.java:316)
	at org.eclipse.core.runtime.SafeRunner.run(SafeRunner.java:45)
	at org.eclipse.core.internal.events.BuildManager.basicBuild(BuildManager.java:319)
	at org.eclipse.core.internal.events.BuildManager.basicBuildLoop(BuildManager.java:371)
	at org.eclipse.core.internal.events.BuildManager.build(BuildManager.java:392)
	at org.eclipse.core.internal.events.AutoBuildJob.doBuild(AutoBuildJob.java:154)
	at org.eclipse.core.internal.events.AutoBuildJob.run(AutoBuildJob.java:244)
	at org.eclipse.core.internal.jobs.Worker.run(Worker.java:63)
Caused by: java.io.EOFException: input contained no data
	at org.codehaus.plexus.util.xml.pull.MXParser.fillBuf(MXParser.java:3700)
	at org.codehaus.plexus.util.xml.pull.MXParser.more(MXParser.java:3782)
	at org.codehaus.plexus.util.xml.pull.MXParser.parseProlog(MXParser.java:1717)
	at org.codehaus.plexus.util.xml.pull.MXParser.nextImpl(MXParser.java:1700)
	at org.codehaus.plexus.util.xml.pull.MXParser.next(MXParser.java:1319)
	at org.apache.maven.model.io.xpp3.MavenXpp3Reader.read(MavenXpp3Reader.java:3876)
	at org.apache.maven.model.io.xpp3.MavenXpp3Reader.read(MavenXpp3Reader.java:595)
	at org.apache.maven.model.io.DefaultModelReader.read(DefaultModelReader.java:109)
	at org.apache.maven.model.io.DefaultModelReader.read(DefaultModelReader.java:82)
	at org.eclipse.m2e.core.internal.embedder.MavenImpl.readModel(MavenImpl.java:559)
	... 24 more
!SUBENTRY 1 org.eclipse.m2e.core 4 -1 2019-07-22 13:36:27.663
!MESSAGE Could not read pom.xml
!STACK 0
java.io.EOFException: input contained no data
	at org.codehaus.plexus.util.xml.pull.MXParser.fillBuf(MXParser.java:3700)
	at org.codehaus.plexus.util.xml.pull.MXParser.more(MXParser.java:3782)
	at org.codehaus.plexus.util.xml.pull.MXParser.parseProlog(MXParser.java:1717)
	at org.codehaus.plexus.util.xml.pull.MXParser.nextImpl(MXParser.java:1700)
	at org.codehaus.plexus.util.xml.pull.MXParser.next(MXParser.java:1319)
	at org.apache.maven.model.io.xpp3.MavenXpp3Reader.read(MavenXpp3Reader.java:3876)
	at org.apache.maven.model.io.xpp3.MavenXpp3Reader.read(MavenXpp3Reader.java:595)
	at org.apache.maven.model.io.DefaultModelReader.read(DefaultModelReader.java:109)
	at org.apache.maven.model.io.DefaultModelReader.read(DefaultModelReader.java:82)
	at org.eclipse.m2e.core.internal.embedder.MavenImpl.readModel(MavenImpl.java:559)
	at org.eclipse.m2e.core.internal.embedder.MavenImpl.readModel(MavenImpl.java:570)
	at org.eclipse.m2e.core.internal.project.registry.ProjectRegistryManager.refreshPhase2(ProjectRegistryManager.java:563)
	at org.eclipse.m2e.core.internal.project.registry.ProjectRegistryManager.refresh(ProjectRegistryManager.java:519)
	at org.eclipse.m2e.core.internal.project.registry.ProjectRegistryManager.refresh(ProjectRegistryManager.java:365)
	at org.eclipse.m2e.core.internal.project.registry.ProjectRegistryManager.refresh(ProjectRegistryManager.java:312)
	at org.eclipse.m2e.core.internal.builder.MavenBuilder$BuildMethod.getProjectFacade(MavenBuilder.java:155)
	at org.eclipse.m2e.core.internal.builder.MavenBuilder$BuildMethod$1.call(MavenBuilder.java:90)
	at org.eclipse.m2e.core.internal.embedder.MavenExecutionContext.executeBare(MavenExecutionContext.java:177)
	at org.eclipse.m2e.core.internal.embedder.MavenExecutionContext.execute(MavenExecutionContext.java:151)
	at org.eclipse.m2e.core.internal.embedder.MavenExecutionContext.execute(MavenExecutionContext.java:99)
	at org.eclipse.m2e.core.internal.builder.MavenBuilder$BuildMethod.execute(MavenBuilder.java:87)
	at org.eclipse.m2e.core.internal.builder.MavenBuilder.build(MavenBuilder.java:201)
	at org.eclipse.core.internal.events.BuildManager$2.run(BuildManager.java:833)
	at org.eclipse.core.runtime.SafeRunner.run(SafeRunner.java:45)
	at org.eclipse.core.internal.events.BuildManager.basicBuild(BuildManager.java:220)
	at org.eclipse.core.internal.events.BuildManager.basicBuild(BuildManager.java:263)
	at org.eclipse.core.internal.events.BuildManager$1.run(BuildManager.java:316)
	at org.eclipse.core.runtime.SafeRunner.run(SafeRunner.java:45)
	at org.eclipse.core.internal.events.BuildManager.basicBuild(BuildManager.java:319)
	at org.eclipse.core.internal.events.BuildManager.basicBuildLoop(BuildManager.java:371)
	at org.eclipse.core.internal.events.BuildManager.build(BuildManager.java:392)
	at org.eclipse.core.internal.events.AutoBuildJob.doBuild(AutoBuildJob.java:154)
	at org.eclipse.core.internal.events.AutoBuildJob.run(AutoBuildJob.java:244)
	at org.eclipse.core.internal.jobs.Worker.run(Worker.java:63)

!ENTRY org.eclipse.m2e.logback.appender 4 0 2019-07-22 13:36:55.604
!MESSAGE failed to load maven project for org.eclipse.ui.part.FileEditorInput(/FuseLoginCLI/pom.xml)
!STACK 1
org.eclipse.core.runtime.CoreException: Could not read maven project
	at org.eclipse.m2e.core.internal.project.registry.ProjectRegistryManager.readProjectWithDependencies(ProjectRegistryManager.java:851)
	at org.eclipse.m2e.core.internal.project.registry.ProjectRegistryManager$2.call(ProjectRegistryManager.java:1069)
	at org.eclipse.m2e.core.internal.project.registry.ProjectRegistryManager$2.call(ProjectRegistryManager.java:1)
	at com.google.common.cache.LocalCache$LocalManualCache$1.load(LocalCache.java:5065)
	at com.google.common.cache.LocalCache$LoadingValueReference.loadFuture(LocalCache.java:3716)
	at com.google.common.cache.LocalCache$Segment.loadSync(LocalCache.java:2424)
	at com.google.common.cache.LocalCache$Segment.lockedGetOrLoad(LocalCache.java:2298)
	at com.google.common.cache.LocalCache$Segment.get(LocalCache.java:2211)
	at com.google.common.cache.LocalCache.get(LocalCache.java:4154)
	at com.google.common.cache.LocalCache$LocalManualCache.get(LocalCache.java:5060)
	at org.eclipse.m2e.core.internal.project.registry.ProjectRegistryManager.getMavenProject(ProjectRegistryManager.java:1067)
	at org.eclipse.m2e.core.internal.project.registry.MavenProjectFacade.getMavenProject(MavenProjectFacade.java:242)
	at org.eclipse.m2e.core.ui.internal.actions.SelectionUtil.getMavenProject(SelectionUtil.java:261)
	at org.eclipse.m2e.editor.pom.MavenPomEditor.readMavenProject(MavenPomEditor.java:740)
	at org.eclipse.m2e.editor.pom.MavenPomEditor$5.run(MavenPomEditor.java:1074)
	at org.eclipse.core.internal.jobs.Worker.run(Worker.java:63)
Contains: Some problems were encountered while processing the POMs:
[FATAL] Non-readable POM C:\Users\rassools\Desktop\Fuse2\FuseAutomate\FuseLogin\pom.xml: C:\Users\rassools\Desktop\Fuse2\FuseAutomate\FuseLogin\pom.xml (The system cannot find the file specified) @ 

org.apache.maven.project.ProjectBuildingException: Some problems were encountered while processing the POMs:
[FATAL] Non-readable POM C:\Users\rassools\Desktop\Fuse2\FuseAutomate\FuseLogin\pom.xml: C:\Users\rassools\Desktop\Fuse2\FuseAutomate\FuseLogin\pom.xml (The system cannot find the file specified) @ 

	at org.eclipse.m2e.core.internal.embedder.MavenImpl.readMavenProjects(MavenImpl.java:676)
	at org.eclipse.m2e.core.internal.project.registry.ProjectRegistryManager.lambda$12(ProjectRegistryManager.java:871)
	at org.eclipse.m2e.core.internal.embedder.MavenExecutionContext.executeBare(MavenExecutionContext.java:177)
	at org.eclipse.m2e.core.internal.embedder.MavenExecutionContext.execute(MavenExecutionContext.java:151)
	at org.eclipse.m2e.core.internal.embedder.MavenExecutionContext.execute(MavenExecutionContext.java:99)
	at org.eclipse.m2e.core.internal.project.registry.ProjectRegistryManager.execute(ProjectRegistryManager.java:1026)
	at org.eclipse.m2e.core.internal.project.registry.ProjectRegistryManager.readProjectsWithDependencies(ProjectRegistryManager.java:867)
	at org.eclipse.m2e.core.internal.project.registry.ProjectRegistryManager.readProjectWithDependencies(ProjectRegistryManager.java:836)
	at org.eclipse.m2e.core.internal.project.registry.ProjectRegistryManager$2.call(ProjectRegistryManager.java:1069)
	at org.eclipse.m2e.core.internal.project.registry.ProjectRegistryManager$2.call(ProjectRegistryManager.java:1)
	at com.google.common.cache.LocalCache$LocalManualCache$1.load(LocalCache.java:5065)
	at com.google.common.cache.LocalCache$LoadingValueReference.loadFuture(LocalCache.java:3716)
	at com.google.common.cache.LocalCache$Segment.loadSync(LocalCache.java:2424)
	at com.google.common.cache.LocalCache$Segment.lockedGetOrLoad(LocalCache.java:2298)
	at com.google.common.cache.LocalCache$Segment.get(LocalCache.java:2211)
	at com.google.common.cache.LocalCache.get(LocalCache.java:4154)
	at com.google.common.cache.LocalCache$LocalManualCache.get(LocalCache.java:5060)
	at org.eclipse.m2e.core.internal.project.registry.ProjectRegistryManager.getMavenProject(ProjectRegistryManager.java:1067)
	at org.eclipse.m2e.core.internal.project.registry.MavenProjectFacade.getMavenProject(MavenProjectFacade.java:242)
	at org.eclipse.m2e.core.ui.internal.actions.SelectionUtil.getMavenProject(SelectionUtil.java:261)
	at org.eclipse.m2e.editor.pom.MavenPomEditor.readMavenProject(MavenPomEditor.java:740)
	at org.eclipse.m2e.editor.pom.MavenPomEditor$5.run(MavenPomEditor.java:1074)
	at org.eclipse.core.internal.jobs.Worker.run(Worker.java:63)
!SUBENTRY 1 org.eclipse.m2e.core 4 0 2019-07-22 13:36:55.605
!MESSAGE Could not read maven project
!SUBENTRY 2 org.eclipse.m2e.core 4 0 2019-07-22 13:36:55.605
!MESSAGE Some problems were encountered while processing the POMs:
[FATAL] Non-readable POM C:\Users\rassools\Desktop\Fuse2\FuseAutomate\FuseLogin\pom.xml: C:\Users\rassools\Desktop\Fuse2\FuseAutomate\FuseLogin\pom.xml (The system cannot find the file specified) @ 

!STACK 0
org.apache.maven.project.ProjectBuildingException: Some problems were encountered while processing the POMs:
[FATAL] Non-readable POM C:\Users\rassools\Desktop\Fuse2\FuseAutomate\FuseLogin\pom.xml: C:\Users\rassools\Desktop\Fuse2\FuseAutomate\FuseLogin\pom.xml (The system cannot find the file specified) @ 

	at org.eclipse.m2e.core.internal.embedder.MavenImpl.readMavenProjects(MavenImpl.java:676)
	at org.eclipse.m2e.core.internal.project.registry.ProjectRegistryManager.lambda$12(ProjectRegistryManager.java:871)
	at org.eclipse.m2e.core.internal.embedder.MavenExecutionContext.executeBare(MavenExecutionContext.java:177)
	at org.eclipse.m2e.core.internal.embedder.MavenExecutionContext.execute(MavenExecutionContext.java:151)
	at org.eclipse.m2e.core.internal.embedder.MavenExecutionContext.execute(MavenExecutionContext.java:99)
	at org.eclipse.m2e.core.internal.project.registry.ProjectRegistryManager.execute(ProjectRegistryManager.java:1026)
	at org.eclipse.m2e.core.internal.project.registry.ProjectRegistryManager.readProjectsWithDependencies(ProjectRegistryManager.java:867)
	at org.eclipse.m2e.core.internal.project.registry.ProjectRegistryManager.readProjectWithDependencies(ProjectRegistryManager.java:836)
	at org.eclipse.m2e.core.internal.project.registry.ProjectRegistryManager$2.call(ProjectRegistryManager.java:1069)
	at org.eclipse.m2e.core.internal.project.registry.ProjectRegistryManager$2.call(ProjectRegistryManager.java:1)
	at com.google.common.cache.LocalCache$LocalManualCache$1.load(LocalCache.java:5065)
	at com.google.common.cache.LocalCache$LoadingValueReference.loadFuture(LocalCache.java:3716)
	at com.google.common.cache.LocalCache$Segment.loadSync(LocalCache.java:2424)
	at com.google.common.cache.LocalCache$Segment.lockedGetOrLoad(LocalCache.java:2298)
	at com.google.common.cache.LocalCache$Segment.get(LocalCache.java:2211)
	at com.google.common.cache.LocalCache.get(LocalCache.java:4154)
	at com.google.common.cache.LocalCache$LocalManualCache.get(LocalCache.java:5060)
	at org.eclipse.m2e.core.internal.project.registry.ProjectRegistryManager.getMavenProject(ProjectRegistryManager.java:1067)
	at org.eclipse.m2e.core.internal.project.registry.MavenProjectFacade.getMavenProject(MavenProjectFacade.java:242)
	at org.eclipse.m2e.core.ui.internal.actions.SelectionUtil.getMavenProject(SelectionUtil.java:261)
	at org.eclipse.m2e.editor.pom.MavenPomEditor.readMavenProject(MavenPomEditor.java:740)
	at org.eclipse.m2e.editor.pom.MavenPomEditor$5.run(MavenPomEditor.java:1074)
	at org.eclipse.core.internal.jobs.Worker.run(Worker.java:63)

!ENTRY org.eclipse.m2e.logback.appender 4 0 2019-07-22 13:37:21.060
!MESSAGE Failed to read Maven project: Some problems were encountered while processing the POMs:
[FATAL] Non-readable POM C:\Users\rassools\Desktop\Fuse2\FuseAutomate\FuseLogin\POM.xml: input contained no data @ 

!STACK 0
org.apache.maven.project.ProjectBuildingException: Some problems were encountered while processing the POMs:
[FATAL] Non-readable POM C:\Users\rassools\Desktop\Fuse2\FuseAutomate\FuseLogin\POM.xml: input contained no data @ 

	at org.eclipse.m2e.core.internal.embedder.MavenImpl.readMavenProjects(MavenImpl.java:676)
	at org.eclipse.m2e.core.internal.project.registry.ProjectRegistryManager.lambda$12(ProjectRegistryManager.java:871)
	at org.eclipse.m2e.core.internal.embedder.MavenExecutionContext.executeBare(MavenExecutionContext.java:177)
	at org.eclipse.m2e.core.internal.embedder.MavenExecutionContext.execute(MavenExecutionContext.java:151)
	at org.eclipse.m2e.core.internal.embedder.MavenExecutionContext.execute(MavenExecutionContext.java:99)
	at org.eclipse.m2e.core.internal.project.registry.ProjectRegistryManager.execute(ProjectRegistryManager.java:1026)
	at org.eclipse.m2e.core.internal.project.registry.ProjectRegistryManager.readProjectsWithDependencies(ProjectRegistryManager.java:867)
	at org.eclipse.m2e.core.internal.project.registry.ProjectRegistryManager.create(ProjectRegistryManager.java:207)
	at org.eclipse.m2e.core.internal.project.registry.MavenProjectManager.create(MavenProjectManager.java:80)
	at org.eclipse.m2e.core.ui.internal.actions.SelectionUtil.getMavenProject(SelectionUtil.java:259)
	at org.eclipse.m2e.editor.pom.MavenPomEditor.readMavenProject(MavenPomEditor.java:740)
	at org.eclipse.m2e.editor.pom.MavenPomEditor$5.run(MavenPomEditor.java:1074)
	at org.eclipse.core.internal.jobs.Worker.run(Worker.java:63)

!ENTRY org.eclipse.m2e.logback.appender 4 0 2019-07-22 13:38:52.402
!MESSAGE failed to load maven project for org.eclipse.ui.part.FileEditorInput(/FuseLoginCLI/POM.xml)
!STACK 1
org.eclipse.core.runtime.CoreException: Could not read maven project
	at org.eclipse.m2e.core.internal.project.registry.ProjectRegistryManager.readProjectWithDependencies(ProjectRegistryManager.java:851)
	at org.eclipse.m2e.core.internal.project.registry.ProjectRegistryManager$2.call(ProjectRegistryManager.java:1069)
	at org.eclipse.m2e.core.internal.project.registry.ProjectRegistryManager$2.call(ProjectRegistryManager.java:1)
	at com.google.common.cache.LocalCache$LocalManualCache$1.load(LocalCache.java:5065)
	at com.google.common.cache.LocalCache$LoadingValueReference.loadFuture(LocalCache.java:3716)
	at com.google.common.cache.LocalCache$Segment.loadSync(LocalCache.java:2424)
	at com.google.common.cache.LocalCache$Segment.lockedGetOrLoad(LocalCache.java:2298)
	at com.google.common.cache.LocalCache$Segment.get(LocalCache.java:2211)
	at com.google.common.cache.LocalCache.get(LocalCache.java:4154)
	at com.google.common.cache.LocalCache$LocalManualCache.get(LocalCache.java:5060)
	at org.eclipse.m2e.core.internal.project.registry.ProjectRegistryManager.getMavenProject(ProjectRegistryManager.java:1067)
	at org.eclipse.m2e.core.internal.project.registry.MavenProjectFacade.getMavenProject(MavenProjectFacade.java:242)
	at org.eclipse.m2e.core.ui.internal.actions.SelectionUtil.getMavenProject(SelectionUtil.java:261)
	at org.eclipse.m2e.editor.pom.MavenPomEditor.readMavenProject(MavenPomEditor.java:740)
	at org.eclipse.m2e.editor.pom.MavenPomEditor$5.run(MavenPomEditor.java:1074)
	at org.eclipse.core.internal.jobs.Worker.run(Worker.java:63)
Contains: Some problems were encountered while processing the POMs:
[FATAL] Non-readable POM C:\Users\rassools\Desktop\Fuse2\FuseAutomate\FuseLogin\POM.xml: C:\Users\rassools\Desktop\Fuse2\FuseAutomate\FuseLogin\POM.xml (The system cannot find the file specified) @ 

org.apache.maven.project.ProjectBuildingException: Some problems were encountered while processing the POMs:
[FATAL] Non-readable POM C:\Users\rassools\Desktop\Fuse2\FuseAutomate\FuseLogin\POM.xml: C:\Users\rassools\Desktop\Fuse2\FuseAutomate\FuseLogin\POM.xml (The system cannot find the file specified) @ 

	at org.eclipse.m2e.core.internal.embedder.MavenImpl.readMavenProjects(MavenImpl.java:676)
	at org.eclipse.m2e.core.internal.project.registry.ProjectRegistryManager.lambda$12(ProjectRegistryManager.java:871)
	at org.eclipse.m2e.core.internal.embedder.MavenExecutionContext.executeBare(MavenExecutionContext.java:177)
	at org.eclipse.m2e.core.internal.embedder.MavenExecutionContext.execute(MavenExecutionContext.java:151)
	at org.eclipse.m2e.core.internal.embedder.MavenExecutionContext.execute(MavenExecutionContext.java:99)
	at org.eclipse.m2e.core.internal.project.registry.ProjectRegistryManager.execute(ProjectRegistryManager.java:1026)
	at org.eclipse.m2e.core.internal.project.registry.ProjectRegistryManager.readProjectsWithDependencies(ProjectRegistryManager.java:867)
	at org.eclipse.m2e.core.internal.project.registry.ProjectRegistryManager.readProjectWithDependencies(ProjectRegistryManager.java:836)
	at org.eclipse.m2e.core.internal.project.registry.ProjectRegistryManager$2.call(ProjectRegistryManager.java:1069)
	at org.eclipse.m2e.core.internal.project.registry.ProjectRegistryManager$2.call(ProjectRegistryManager.java:1)
	at com.google.common.cache.LocalCache$LocalManualCache$1.load(LocalCache.java:5065)
	at com.google.common.cache.LocalCache$LoadingValueReference.loadFuture(LocalCache.java:3716)
	at com.google.common.cache.LocalCache$Segment.loadSync(LocalCache.java:2424)
	at com.google.common.cache.LocalCache$Segment.lockedGetOrLoad(LocalCache.java:2298)
	at com.google.common.cache.LocalCache$Segment.get(LocalCache.java:2211)
	at com.google.common.cache.LocalCache.get(LocalCache.java:4154)
	at com.google.common.cache.LocalCache$LocalManualCache.get(LocalCache.java:5060)
	at org.eclipse.m2e.core.internal.project.registry.ProjectRegistryManager.getMavenProject(ProjectRegistryManager.java:1067)
	at org.eclipse.m2e.core.internal.project.registry.MavenProjectFacade.getMavenProject(MavenProjectFacade.java:242)
	at org.eclipse.m2e.core.ui.internal.actions.SelectionUtil.getMavenProject(SelectionUtil.java:261)
	at org.eclipse.m2e.editor.pom.MavenPomEditor.readMavenProject(MavenPomEditor.java:740)
	at org.eclipse.m2e.editor.pom.MavenPomEditor$5.run(MavenPomEditor.java:1074)
	at org.eclipse.core.internal.jobs.Worker.run(Worker.java:63)
!SUBENTRY 1 org.eclipse.m2e.core 4 0 2019-07-22 13:38:52.402
!MESSAGE Could not read maven project
!SUBENTRY 2 org.eclipse.m2e.core 4 0 2019-07-22 13:38:52.402
!MESSAGE Some problems were encountered while processing the POMs:
[FATAL] Non-readable POM C:\Users\rassools\Desktop\Fuse2\FuseAutomate\FuseLogin\POM.xml: C:\Users\rassools\Desktop\Fuse2\FuseAutomate\FuseLogin\POM.xml (The system cannot find the file specified) @ 

!STACK 0
org.apache.maven.project.ProjectBuildingException: Some problems were encountered while processing the POMs:
[FATAL] Non-readable POM C:\Users\rassools\Desktop\Fuse2\FuseAutomate\FuseLogin\POM.xml: C:\Users\rassools\Desktop\Fuse2\FuseAutomate\FuseLogin\POM.xml (The system cannot find the file specified) @ 

	at org.eclipse.m2e.core.internal.embedder.MavenImpl.readMavenProjects(MavenImpl.java:676)
	at org.eclipse.m2e.core.internal.project.registry.ProjectRegistryManager.lambda$12(ProjectRegistryManager.java:871)
	at org.eclipse.m2e.core.internal.embedder.MavenExecutionContext.executeBare(MavenExecutionContext.java:177)
	at org.eclipse.m2e.core.internal.embedder.MavenExecutionContext.execute(MavenExecutionContext.java:151)
	at org.eclipse.m2e.core.internal.embedder.MavenExecutionContext.execute(MavenExecutionContext.java:99)
	at org.eclipse.m2e.core.internal.project.registry.ProjectRegistryManager.execute(ProjectRegistryManager.java:1026)
	at org.eclipse.m2e.core.internal.project.registry.ProjectRegistryManager.readProjectsWithDependencies(ProjectRegistryManager.java:867)
	at org.eclipse.m2e.core.internal.project.registry.ProjectRegistryManager.readProjectWithDependencies(ProjectRegistryManager.java:836)
	at org.eclipse.m2e.core.internal.project.registry.ProjectRegistryManager$2.call(ProjectRegistryManager.java:1069)
	at org.eclipse.m2e.core.internal.project.registry.ProjectRegistryManager$2.call(ProjectRegistryManager.java:1)
	at com.google.common.cache.LocalCache$LocalManualCache$1.load(LocalCache.java:5065)
	at com.google.common.cache.LocalCache$LoadingValueReference.loadFuture(LocalCache.java:3716)
	at com.google.common.cache.LocalCache$Segment.loadSync(LocalCache.java:2424)
	at com.google.common.cache.LocalCache$Segment.lockedGetOrLoad(LocalCache.java:2298)
	at com.google.common.cache.LocalCache$Segment.get(LocalCache.java:2211)
	at com.google.common.cache.LocalCache.get(LocalCache.java:4154)
	at com.google.common.cache.LocalCache$LocalManualCache.get(LocalCache.java:5060)
	at org.eclipse.m2e.core.internal.project.registry.ProjectRegistryManager.getMavenProject(ProjectRegistryManager.java:1067)
	at org.eclipse.m2e.core.internal.project.registry.MavenProjectFacade.getMavenProject(MavenProjectFacade.java:242)
	at org.eclipse.m2e.core.ui.internal.actions.SelectionUtil.getMavenProject(SelectionUtil.java:261)
	at org.eclipse.m2e.editor.pom.MavenPomEditor.readMavenProject(MavenPomEditor.java:740)
	at org.eclipse.m2e.editor.pom.MavenPomEditor$5.run(MavenPomEditor.java:1074)
	at org.eclipse.core.internal.jobs.Worker.run(Worker.java:63)

!ENTRY org.eclipse.m2e.logback.appender 4 0 2019-07-22 13:39:01.264
!MESSAGE Failed to read Maven project: Some problems were encountered while processing the POMs:
[FATAL] Non-readable POM C:\Users\rassools\Desktop\Fuse2\FuseAutomate\FuseLogin\pom.xml: input contained no data @ 

!STACK 0
org.apache.maven.project.ProjectBuildingException: Some problems were encountered while processing the POMs:
[FATAL] Non-readable POM C:\Users\rassools\Desktop\Fuse2\FuseAutomate\FuseLogin\pom.xml: input contained no data @ 

	at org.eclipse.m2e.core.internal.embedder.MavenImpl.readMavenProjects(MavenImpl.java:676)
	at org.eclipse.m2e.core.internal.project.registry.ProjectRegistryManager.lambda$12(ProjectRegistryManager.java:871)
	at org.eclipse.m2e.core.internal.embedder.MavenExecutionContext.executeBare(MavenExecutionContext.java:177)
	at org.eclipse.m2e.core.internal.embedder.MavenExecutionContext.execute(MavenExecutionContext.java:151)
	at org.eclipse.m2e.core.internal.embedder.MavenExecutionContext.execute(MavenExecutionContext.java:99)
	at org.eclipse.m2e.core.internal.project.registry.ProjectRegistryManager.execute(ProjectRegistryManager.java:1026)
	at org.eclipse.m2e.core.internal.project.registry.ProjectRegistryManager.readProjectsWithDependencies(ProjectRegistryManager.java:867)
	at org.eclipse.m2e.core.internal.project.registry.ProjectRegistryManager.create(ProjectRegistryManager.java:207)
	at org.eclipse.m2e.core.internal.project.registry.MavenProjectManager.create(MavenProjectManager.java:80)
	at org.eclipse.m2e.core.ui.internal.actions.SelectionUtil.getMavenProject(SelectionUtil.java:259)
	at org.eclipse.m2e.editor.pom.MavenPomEditor.readMavenProject(MavenPomEditor.java:740)
	at org.eclipse.m2e.editor.pom.MavenPomEditor$5.run(MavenPomEditor.java:1074)
	at org.eclipse.core.internal.jobs.Worker.run(Worker.java:63)

!ENTRY org.eclipse.m2e.logback.appender 4 0 2019-07-22 13:39:01.300
!MESSAGE Could not read pom.xml
!STACK 1
org.eclipse.core.runtime.CoreException: Could not read pom.xml
	at org.eclipse.m2e.core.internal.embedder.MavenImpl.readModel(MavenImpl.java:561)
	at org.eclipse.m2e.core.internal.embedder.MavenImpl.readModel(MavenImpl.java:570)
	at org.eclipse.m2e.core.internal.project.registry.ProjectRegistryManager.refreshPhase2(ProjectRegistryManager.java:563)
	at org.eclipse.m2e.core.internal.project.registry.ProjectRegistryManager.refresh(ProjectRegistryManager.java:519)
	at org.eclipse.m2e.core.internal.project.registry.ProjectRegistryManager.refresh(ProjectRegistryManager.java:365)
	at org.eclipse.m2e.core.internal.project.registry.ProjectRegistryManager.refresh(ProjectRegistryManager.java:312)
	at org.eclipse.m2e.core.internal.builder.MavenBuilder$BuildMethod.getProjectFacade(MavenBuilder.java:155)
	at org.eclipse.m2e.core.internal.builder.MavenBuilder$BuildMethod$1.call(MavenBuilder.java:90)
	at org.eclipse.m2e.core.internal.embedder.MavenExecutionContext.executeBare(MavenExecutionContext.java:177)
	at org.eclipse.m2e.core.internal.embedder.MavenExecutionContext.execute(MavenExecutionContext.java:151)
	at org.eclipse.m2e.core.internal.embedder.MavenExecutionContext.execute(MavenExecutionContext.java:99)
	at org.eclipse.m2e.core.internal.builder.MavenBuilder$BuildMethod.execute(MavenBuilder.java:87)
	at org.eclipse.m2e.core.internal.builder.MavenBuilder.build(MavenBuilder.java:201)
	at org.eclipse.core.internal.events.BuildManager$2.run(BuildManager.java:833)
	at org.eclipse.core.runtime.SafeRunner.run(SafeRunner.java:45)
	at org.eclipse.core.internal.events.BuildManager.basicBuild(BuildManager.java:220)
	at org.eclipse.core.internal.events.BuildManager.basicBuild(BuildManager.java:263)
	at org.eclipse.core.internal.events.BuildManager$1.run(BuildManager.java:316)
	at org.eclipse.core.runtime.SafeRunner.run(SafeRunner.java:45)
	at org.eclipse.core.internal.events.BuildManager.basicBuild(BuildManager.java:319)
	at org.eclipse.core.internal.events.BuildManager.basicBuildLoop(BuildManager.java:371)
	at org.eclipse.core.internal.events.BuildManager.build(BuildManager.java:392)
	at org.eclipse.core.internal.events.AutoBuildJob.doBuild(AutoBuildJob.java:154)
	at org.eclipse.core.internal.events.AutoBuildJob.run(AutoBuildJob.java:244)
	at org.eclipse.core.internal.jobs.Worker.run(Worker.java:63)
Caused by: java.io.EOFException: input contained no data
	at org.codehaus.plexus.util.xml.pull.MXParser.fillBuf(MXParser.java:3700)
	at org.codehaus.plexus.util.xml.pull.MXParser.more(MXParser.java:3782)
	at org.codehaus.plexus.util.xml.pull.MXParser.parseProlog(MXParser.java:1717)
	at org.codehaus.plexus.util.xml.pull.MXParser.nextImpl(MXParser.java:1700)
	at org.codehaus.plexus.util.xml.pull.MXParser.next(MXParser.java:1319)
	at org.apache.maven.model.io.xpp3.MavenXpp3Reader.read(MavenXpp3Reader.java:3876)
	at org.apache.maven.model.io.xpp3.MavenXpp3Reader.read(MavenXpp3Reader.java:595)
	at org.apache.maven.model.io.DefaultModelReader.read(DefaultModelReader.java:109)
	at org.apache.maven.model.io.DefaultModelReader.read(DefaultModelReader.java:82)
	at org.eclipse.m2e.core.internal.embedder.MavenImpl.readModel(MavenImpl.java:559)
	... 24 more
!SUBENTRY 1 org.eclipse.m2e.core 4 -1 2019-07-22 13:39:01.300
!MESSAGE Could not read pom.xml
!STACK 0
java.io.EOFException: input contained no data
	at org.codehaus.plexus.util.xml.pull.MXParser.fillBuf(MXParser.java:3700)
	at org.codehaus.plexus.util.xml.pull.MXParser.more(MXParser.java:3782)
	at org.codehaus.plexus.util.xml.pull.MXParser.parseProlog(MXParser.java:1717)
	at org.codehaus.plexus.util.xml.pull.MXParser.nextImpl(MXParser.java:1700)
	at org.codehaus.plexus.util.xml.pull.MXParser.next(MXParser.java:1319)
	at org.apache.maven.model.io.xpp3.MavenXpp3Reader.read(MavenXpp3Reader.java:3876)
	at org.apache.maven.model.io.xpp3.MavenXpp3Reader.read(MavenXpp3Reader.java:595)
	at org.apache.maven.model.io.DefaultModelReader.read(DefaultModelReader.java:109)
	at org.apache.maven.model.io.DefaultModelReader.read(DefaultModelReader.java:82)
	at org.eclipse.m2e.core.internal.embedder.MavenImpl.readModel(MavenImpl.java:559)
	at org.eclipse.m2e.core.internal.embedder.MavenImpl.readModel(MavenImpl.java:570)
	at org.eclipse.m2e.core.internal.project.registry.ProjectRegistryManager.refreshPhase2(ProjectRegistryManager.java:563)
	at org.eclipse.m2e.core.internal.project.registry.ProjectRegistryManager.refresh(ProjectRegistryManager.java:519)
	at org.eclipse.m2e.core.internal.project.registry.ProjectRegistryManager.refresh(ProjectRegistryManager.java:365)
	at org.eclipse.m2e.core.internal.project.registry.ProjectRegistryManager.refresh(ProjectRegistryManager.java:312)
	at org.eclipse.m2e.core.internal.builder.MavenBuilder$BuildMethod.getProjectFacade(MavenBuilder.java:155)
	at org.eclipse.m2e.core.internal.builder.MavenBuilder$BuildMethod$1.call(MavenBuilder.java:90)
	at org.eclipse.m2e.core.internal.embedder.MavenExecutionContext.executeBare(MavenExecutionContext.java:177)
	at org.eclipse.m2e.core.internal.embedder.MavenExecutionContext.execute(MavenExecutionContext.java:151)
	at org.eclipse.m2e.core.internal.embedder.MavenExecutionContext.execute(MavenExecutionContext.java:99)
	at org.eclipse.m2e.core.internal.builder.MavenBuilder$BuildMethod.execute(MavenBuilder.java:87)
	at org.eclipse.m2e.core.internal.builder.MavenBuilder.build(MavenBuilder.java:201)
	at org.eclipse.core.internal.events.BuildManager$2.run(BuildManager.java:833)
	at org.eclipse.core.runtime.SafeRunner.run(SafeRunner.java:45)
	at org.eclipse.core.internal.events.BuildManager.basicBuild(BuildManager.java:220)
	at org.eclipse.core.internal.events.BuildManager.basicBuild(BuildManager.java:263)
	at org.eclipse.core.internal.events.BuildManager$1.run(BuildManager.java:316)
	at org.eclipse.core.runtime.SafeRunner.run(SafeRunner.java:45)
	at org.eclipse.core.internal.events.BuildManager.basicBuild(BuildManager.java:319)
	at org.eclipse.core.internal.events.BuildManager.basicBuildLoop(BuildManager.java:371)
	at org.eclipse.core.internal.events.BuildManager.build(BuildManager.java:392)
	at org.eclipse.core.internal.events.AutoBuildJob.doBuild(AutoBuildJob.java:154)
	at org.eclipse.core.internal.events.AutoBuildJob.run(AutoBuildJob.java:244)
	at org.eclipse.core.internal.jobs.Worker.run(Worker.java:63)

!ENTRY org.eclipse.m2e.logback.appender 4 0 2019-07-22 13:40:17.025
!MESSAGE Failed to read Maven project: Some problems were encountered while processing the POMs:
[FATAL] Non-readable POM C:\Users\rassools\Desktop\Fuse2\FuseAutomate\FuseLogin\pom.xml: input contained no data @ 

!STACK 0
org.apache.maven.project.ProjectBuildingException: Some problems were encountered while processing the POMs:
[FATAL] Non-readable POM C:\Users\rassools\Desktop\Fuse2\FuseAutomate\FuseLogin\pom.xml: input contained no data @ 

	at org.eclipse.m2e.core.internal.embedder.MavenImpl.readMavenProjects(MavenImpl.java:676)
	at org.eclipse.m2e.core.internal.project.registry.ProjectRegistryManager.lambda$12(ProjectRegistryManager.java:871)
	at org.eclipse.m2e.core.internal.embedder.MavenExecutionContext.executeBare(MavenExecutionContext.java:177)
	at org.eclipse.m2e.core.internal.embedder.MavenExecutionContext.execute(MavenExecutionContext.java:151)
	at org.eclipse.m2e.core.internal.embedder.MavenExecutionContext.execute(MavenExecutionContext.java:99)
	at org.eclipse.m2e.core.internal.project.registry.ProjectRegistryManager.execute(ProjectRegistryManager.java:1026)
	at org.eclipse.m2e.core.internal.project.registry.ProjectRegistryManager.readProjectsWithDependencies(ProjectRegistryManager.java:867)
	at org.eclipse.m2e.core.internal.project.registry.ProjectRegistryManager.create(ProjectRegistryManager.java:207)
	at org.eclipse.m2e.core.internal.project.registry.MavenProjectManager.create(MavenProjectManager.java:80)
	at org.eclipse.m2e.core.ui.internal.actions.SelectionUtil.getMavenProject(SelectionUtil.java:259)
	at org.eclipse.m2e.editor.pom.MavenPomEditor.readMavenProject(MavenPomEditor.java:740)
	at org.eclipse.m2e.editor.pom.DependencyTreePage$1.run(DependencyTreePage.java:216)
	at org.eclipse.core.internal.jobs.Worker.run(Worker.java:63)

!ENTRY org.eclipse.m2e.logback.appender 4 0 2019-07-22 13:40:17.027
!MESSAGE Unable to read maven project. Dependencies not updated.

!ENTRY org.eclipse.m2e.logback.appender 4 0 2019-07-22 13:40:18.728
!MESSAGE Failed to read Maven project: Some problems were encountered while processing the POMs:
[FATAL] Non-readable POM C:\Users\rassools\Desktop\Fuse2\FuseAutomate\FuseLogin\pom.xml: input contained no data @ 

!STACK 0
org.apache.maven.project.ProjectBuildingException: Some problems were encountered while processing the POMs:
[FATAL] Non-readable POM C:\Users\rassools\Desktop\Fuse2\FuseAutomate\FuseLogin\pom.xml: input contained no data @ 

	at org.eclipse.m2e.core.internal.embedder.MavenImpl.readMavenProjects(MavenImpl.java:676)
	at org.eclipse.m2e.core.internal.project.registry.ProjectRegistryManager.lambda$12(ProjectRegistryManager.java:871)
	at org.eclipse.m2e.core.internal.embedder.MavenExecutionContext.executeBare(MavenExecutionContext.java:177)
	at org.eclipse.m2e.core.internal.embedder.MavenExecutionContext.execute(MavenExecutionContext.java:151)
	at org.eclipse.m2e.core.internal.embedder.MavenExecutionContext.execute(MavenExecutionContext.java:99)
	at org.eclipse.m2e.core.internal.project.registry.ProjectRegistryManager.execute(ProjectRegistryManager.java:1026)
	at org.eclipse.m2e.core.internal.project.registry.ProjectRegistryManager.readProjectsWithDependencies(ProjectRegistryManager.java:867)
	at org.eclipse.m2e.core.internal.project.registry.ProjectRegistryManager.create(ProjectRegistryManager.java:207)
	at org.eclipse.m2e.core.internal.project.registry.MavenProjectManager.create(MavenProjectManager.java:80)
	at org.eclipse.m2e.core.ui.internal.actions.SelectionUtil.getMavenProject(SelectionUtil.java:259)
	at org.eclipse.m2e.editor.pom.MavenPomEditor$LoadEffectivePomJob.run(MavenPomEditor.java:475)
	at org.eclipse.core.internal.jobs.Worker.run(Worker.java:63)

!ENTRY org.eclipse.m2e.logback.appender 4 0 2019-07-22 13:43:04.855
!MESSAGE Unable to create project from archetype [org.apache.maven.archetypes:maven-archetype-quickstart:1.1]
!STACK 0
org.apache.maven.archetype.old.ArchetypeTemplateProcessingException: Directory FuseLogin already exists - please run from a clean directory
	at org.apache.maven.archetype.old.DefaultOldArchetype.createArchetype(DefaultOldArchetype.java:245)
	at org.apache.maven.archetype.generator.DefaultArchetypeGenerator.processOldArchetype(DefaultArchetypeGenerator.java:135)
	at org.apache.maven.archetype.generator.DefaultArchetypeGenerator.generateArchetype(DefaultArchetypeGenerator.java:104)
	at org.apache.maven.archetype.generator.DefaultArchetypeGenerator.generateArchetype(DefaultArchetypeGenerator.java:143)
	at org.apache.maven.archetype.generator.DefaultArchetypeGenerator.generateArchetype(DefaultArchetypeGenerator.java:169)
	at org.apache.maven.archetype.DefaultArchetypeManager.generateProjectFromArchetype(DefaultArchetypeManager.java:73)
	at org.eclipse.m2e.core.internal.project.ProjectConfigurationManager.createArchetypeProjects0(ProjectConfigurationManager.java:844)
	at org.eclipse.m2e.core.internal.project.ProjectConfigurationManager$5.call(ProjectConfigurationManager.java:792)
	at org.eclipse.m2e.core.internal.project.ProjectConfigurationManager$5.call(ProjectConfigurationManager.java:1)
	at org.eclipse.m2e.core.internal.embedder.MavenExecutionContext.executeBare(MavenExecutionContext.java:177)
	at org.eclipse.m2e.core.internal.embedder.MavenExecutionContext.execute(MavenExecutionContext.java:151)
	at org.eclipse.m2e.core.internal.embedder.MavenExecutionContext.execute(MavenExecutionContext.java:99)
	at org.eclipse.m2e.core.internal.embedder.MavenImpl.execute(MavenImpl.java:1374)
	at org.eclipse.m2e.core.internal.project.ProjectConfigurationManager.createArchetypeProjects(ProjectConfigurationManager.java:790)
	at org.eclipse.m2e.core.ui.internal.wizards.MavenProjectWizard$5.doCreateMavenProjects(MavenProjectWizard.java:241)
	at org.eclipse.m2e.core.ui.internal.wizards.AbstractCreateMavenProjectJob$1.doCreateMavenProjects(AbstractCreateMavenProjectJob.java:63)
	at org.eclipse.m2e.core.ui.internal.wizards.AbstractCreateMavenProjectsOperation.run(AbstractCreateMavenProjectsOperation.java:73)
	at org.eclipse.m2e.core.ui.internal.wizards.AbstractCreateMavenProjectJob.runInWorkspace(AbstractCreateMavenProjectJob.java:67)
	at org.eclipse.core.internal.resources.InternalWorkspaceJob.run(InternalWorkspaceJob.java:42)
	at org.eclipse.core.internal.jobs.Worker.run(Worker.java:63)

!ENTRY org.eclipse.m2e.core 4 -1 2019-07-22 13:43:04.857
!MESSAGE Unable to create project from archetype [org.apache.maven.archetypes:maven-archetype-quickstart:1.1]
!STACK 0
org.apache.maven.archetype.old.ArchetypeTemplateProcessingException: Directory FuseLogin already exists - please run from a clean directory
	at org.apache.maven.archetype.old.DefaultOldArchetype.createArchetype(DefaultOldArchetype.java:245)
	at org.apache.maven.archetype.generator.DefaultArchetypeGenerator.processOldArchetype(DefaultArchetypeGenerator.java:135)
	at org.apache.maven.archetype.generator.DefaultArchetypeGenerator.generateArchetype(DefaultArchetypeGenerator.java:104)
	at org.apache.maven.archetype.generator.DefaultArchetypeGenerator.generateArchetype(DefaultArchetypeGenerator.java:143)
	at org.apache.maven.archetype.generator.DefaultArchetypeGenerator.generateArchetype(DefaultArchetypeGenerator.java:169)
	at org.apache.maven.archetype.DefaultArchetypeManager.generateProjectFromArchetype(DefaultArchetypeManager.java:73)
	at org.eclipse.m2e.core.internal.project.ProjectConfigurationManager.createArchetypeProjects0(ProjectConfigurationManager.java:844)
	at org.eclipse.m2e.core.internal.project.ProjectConfigurationManager$5.call(ProjectConfigurationManager.java:792)
	at org.eclipse.m2e.core.internal.project.ProjectConfigurationManager$5.call(ProjectConfigurationManager.java:1)
	at org.eclipse.m2e.core.internal.embedder.MavenExecutionContext.executeBare(MavenExecutionContext.java:177)
	at org.eclipse.m2e.core.internal.embedder.MavenExecutionContext.execute(MavenExecutionContext.java:151)
	at org.eclipse.m2e.core.internal.embedder.MavenExecutionContext.execute(MavenExecutionContext.java:99)
	at org.eclipse.m2e.core.internal.embedder.MavenImpl.execute(MavenImpl.java:1374)
	at org.eclipse.m2e.core.internal.project.ProjectConfigurationManager.createArchetypeProjects(ProjectConfigurationManager.java:790)
	at org.eclipse.m2e.core.ui.internal.wizards.MavenProjectWizard$5.doCreateMavenProjects(MavenProjectWizard.java:241)
	at org.eclipse.m2e.core.ui.internal.wizards.AbstractCreateMavenProjectJob$1.doCreateMavenProjects(AbstractCreateMavenProjectJob.java:63)
	at org.eclipse.m2e.core.ui.internal.wizards.AbstractCreateMavenProjectsOperation.run(AbstractCreateMavenProjectsOperation.java:73)
	at org.eclipse.m2e.core.ui.internal.wizards.AbstractCreateMavenProjectJob.runInWorkspace(AbstractCreateMavenProjectJob.java:67)
	at org.eclipse.core.internal.resources.InternalWorkspaceJob.run(InternalWorkspaceJob.java:42)
	at org.eclipse.core.internal.jobs.Worker.run(Worker.java:63)

!ENTRY org.eclipse.m2e.logback.appender 4 0 2019-07-22 13:43:42.083
!MESSAGE Unable to create project from archetype [org.apache.maven.archetypes:maven-archetype-quickstart:1.1]
!STACK 0
org.apache.maven.archetype.old.ArchetypeTemplateProcessingException: Directory FuseLogin already exists - please run from a clean directory
	at org.apache.maven.archetype.old.DefaultOldArchetype.createArchetype(DefaultOldArchetype.java:245)
	at org.apache.maven.archetype.generator.DefaultArchetypeGenerator.processOldArchetype(DefaultArchetypeGenerator.java:135)
	at org.apache.maven.archetype.generator.DefaultArchetypeGenerator.generateArchetype(DefaultArchetypeGenerator.java:104)
	at org.apache.maven.archetype.generator.DefaultArchetypeGenerator.generateArchetype(DefaultArchetypeGenerator.java:143)
	at org.apache.maven.archetype.generator.DefaultArchetypeGenerator.generateArchetype(DefaultArchetypeGenerator.java:169)
	at org.apache.maven.archetype.DefaultArchetypeManager.generateProjectFromArchetype(DefaultArchetypeManager.java:73)
	at org.eclipse.m2e.core.internal.project.ProjectConfigurationManager.createArchetypeProjects0(ProjectConfigurationManager.java:844)
	at org.eclipse.m2e.core.internal.project.ProjectConfigurationManager$5.call(ProjectConfigurationManager.java:792)
	at org.eclipse.m2e.core.internal.project.ProjectConfigurationManager$5.call(ProjectConfigurationManager.java:1)
	at org.eclipse.m2e.core.internal.embedder.MavenExecutionContext.executeBare(MavenExecutionContext.java:177)
	at org.eclipse.m2e.core.internal.embedder.MavenExecutionContext.execute(MavenExecutionContext.java:151)
	at org.eclipse.m2e.core.internal.embedder.MavenExecutionContext.execute(MavenExecutionContext.java:99)
	at org.eclipse.m2e.core.internal.embedder.MavenImpl.execute(MavenImpl.java:1374)
	at org.eclipse.m2e.core.internal.project.ProjectConfigurationManager.createArchetypeProjects(ProjectConfigurationManager.java:790)
	at org.eclipse.m2e.core.ui.internal.wizards.MavenProjectWizard$5.doCreateMavenProjects(MavenProjectWizard.java:241)
	at org.eclipse.m2e.core.ui.internal.wizards.AbstractCreateMavenProjectJob$1.doCreateMavenProjects(AbstractCreateMavenProjectJob.java:63)
	at org.eclipse.m2e.core.ui.internal.wizards.AbstractCreateMavenProjectsOperation.run(AbstractCreateMavenProjectsOperation.java:73)
	at org.eclipse.m2e.core.ui.internal.wizards.AbstractCreateMavenProjectJob.runInWorkspace(AbstractCreateMavenProjectJob.java:67)
	at org.eclipse.core.internal.resources.InternalWorkspaceJob.run(InternalWorkspaceJob.java:42)
	at org.eclipse.core.internal.jobs.Worker.run(Worker.java:63)

!ENTRY org.eclipse.m2e.core 4 -1 2019-07-22 13:43:42.085
!MESSAGE Unable to create project from archetype [org.apache.maven.archetypes:maven-archetype-quickstart:1.1]
!STACK 0
org.apache.maven.archetype.old.ArchetypeTemplateProcessingException: Directory FuseLogin already exists - please run from a clean directory
	at org.apache.maven.archetype.old.DefaultOldArchetype.createArchetype(DefaultOldArchetype.java:245)
	at org.apache.maven.archetype.generator.DefaultArchetypeGenerator.processOldArchetype(DefaultArchetypeGenerator.java:135)
	at org.apache.maven.archetype.generator.DefaultArchetypeGenerator.generateArchetype(DefaultArchetypeGenerator.java:104)
	at org.apache.maven.archetype.generator.DefaultArchetypeGenerator.generateArchetype(DefaultArchetypeGenerator.java:143)
	at org.apache.maven.archetype.generator.DefaultArchetypeGenerator.generateArchetype(DefaultArchetypeGenerator.java:169)
	at org.apache.maven.archetype.DefaultArchetypeManager.generateProjectFromArchetype(DefaultArchetypeManager.java:73)
	at org.eclipse.m2e.core.internal.project.ProjectConfigurationManager.createArchetypeProjects0(ProjectConfigurationManager.java:844)
	at org.eclipse.m2e.core.internal.project.ProjectConfigurationManager$5.call(ProjectConfigurationManager.java:792)
	at org.eclipse.m2e.core.internal.project.ProjectConfigurationManager$5.call(ProjectConfigurationManager.java:1)
	at org.eclipse.m2e.core.internal.embedder.MavenExecutionContext.executeBare(MavenExecutionContext.java:177)
	at org.eclipse.m2e.core.internal.embedder.MavenExecutionContext.execute(MavenExecutionContext.java:151)
	at org.eclipse.m2e.core.internal.embedder.MavenExecutionContext.execute(MavenExecutionContext.java:99)
	at org.eclipse.m2e.core.internal.embedder.MavenImpl.execute(MavenImpl.java:1374)
	at org.eclipse.m2e.core.internal.project.ProjectConfigurationManager.createArchetypeProjects(ProjectConfigurationManager.java:790)
	at org.eclipse.m2e.core.ui.internal.wizards.MavenProjectWizard$5.doCreateMavenProjects(MavenProjectWizard.java:241)
	at org.eclipse.m2e.core.ui.internal.wizards.AbstractCreateMavenProjectJob$1.doCreateMavenProjects(AbstractCreateMavenProjectJob.java:63)
	at org.eclipse.m2e.core.ui.internal.wizards.AbstractCreateMavenProjectsOperation.run(AbstractCreateMavenProjectsOperation.java:73)
	at org.eclipse.m2e.core.ui.internal.wizards.AbstractCreateMavenProjectJob.runInWorkspace(AbstractCreateMavenProjectJob.java:67)
	at org.eclipse.core.internal.resources.InternalWorkspaceJob.run(InternalWorkspaceJob.java:42)
	at org.eclipse.core.internal.jobs.Worker.run(Worker.java:63)
!SESSION 2019-07-22 13:45:21.097 -----------------------------------------------
eclipse.buildId=4.12.0.I20190605-1800
java.version=1.8.0_221
java.vendor=Oracle Corporation
BootLoader constants: OS=win32, ARCH=x86_64, WS=win32, NL=en_US
Framework arguments:  -product org.eclipse.epp.package.jee.product
Command-line arguments:  -os win32 -ws win32 -arch x86_64 -product org.eclipse.epp.package.jee.product

!ENTRY org.eclipse.egit.core 1 0 2019-07-22 13:45:38.081
!MESSAGE Using Apache MINA sshd as ssh client.

!ENTRY org.eclipse.egit.ui 2 0 2019-07-22 13:45:42.968
!MESSAGE Warning: The environment variable HOME is not set. The following directory will be used to store the Git
user global configuration and to define the default location to store repositories: 'C:\Users\rassools'. If this is
not correct please set the HOME environment variable and restart Eclipse. Otherwise Git for Windows and
EGit might behave differently since they see different configuration options.
This warning can be switched off on the Team > Git > Confirmations and Warnings preference page.

!ENTRY org.eclipse.m2e.logback.appender 2 0 2019-07-22 13:49:19.750
!MESSAGE Using platform encoding (Cp1252 actually) to copy filtered resources, i.e. build is platform dependent!

!ENTRY org.eclipse.m2e.logback.appender 2 0 2019-07-22 13:49:19.753
!MESSAGE Using platform encoding (Cp1252 actually) to copy filtered resources, i.e. build is platform dependent!

!ENTRY org.eclipse.m2e.logback.appender 2 0 2019-07-22 13:49:21.171
!MESSAGE Using platform encoding (Cp1252 actually) to copy filtered resources, i.e. build is platform dependent!

!ENTRY org.eclipse.m2e.logback.appender 2 0 2019-07-22 13:49:21.173
!MESSAGE Using platform encoding (Cp1252 actually) to copy filtered resources, i.e. build is platform dependent!

!ENTRY org.eclipse.m2e.logback.appender 2 0 2019-07-22 13:50:40.375
!MESSAGE Using platform encoding (Cp1252 actually) to copy filtered resources, i.e. build is platform dependent!

!ENTRY org.eclipse.m2e.logback.appender 2 0 2019-07-22 13:50:40.377
!MESSAGE Using platform encoding (Cp1252 actually) to copy filtered resources, i.e. build is platform dependent!

!ENTRY org.testng.eclipse 1 0 2019-07-22 13:51:52.367
!MESSAGE [TestNGLaunchConfigurationDelegate] Launching:
  Classpath: C:\Program Files\eclipse\configuration\org.eclipse.osgi\966\0\.cp\lib\testng-remote.jar C:\Users\rassools\Desktop\Fuse2\com.loginpagecli\target\test-classes C:\Users\rassools\Desktop\Fuse2\com.loginpagecli\target\classes C:\Users\rassools\.m2\repository\org\testng\testng\6.9.6\testng-6.9.6.jar C:\Users\rassools\.m2\repository\com\google\inject\guice\4.0\guice-4.0-no_aop.jar C:\Users\rassools\.m2\repository\javax\inject\javax.inject\1\javax.inject-1.jar C:\Users\rassools\.m2\repository\aopalliance\aopalliance\1.0\aopalliance-1.0.jar C:\Users\rassools\.m2\repository\org\beanshell\bsh\2.0b4\bsh-2.0b4.jar C:\Users\rassools\.m2\repository\org\apache\ant\ant\1.7.0\ant-1.7.0.jar C:\Users\rassools\.m2\repository\org\apache\ant\ant-launcher\1.7.0\ant-launcher-1.7.0.jar C:\Users\rassools\.m2\repository\com\beust\jcommander\1.48\jcommander-1.48.jar C:\Users\rassools\.m2\repository\org\yaml\snakeyaml\1.15\snakeyaml-1.15.jar C:\Users\rassools\.m2\repository\junit\junit\4.10\junit-4.10.jar C:\Users\rassools\.m2\repository\org\hamcrest\hamcrest-core\1.1\hamcrest-core-1.1.jar C:\Users\rassools\.m2\repository\org\seleniumhq\selenium\selenium-java\3.141.59\selenium-java-3.141.59.jar C:\Users\rassools\.m2\repository\org\seleniumhq\selenium\selenium-api\3.141.59\selenium-api-3.141.59.jar C:\Users\rassools\.m2\repository\org\seleniumhq\selenium\selenium-chrome-driver\3.141.59\selenium-chrome-driver-3.141.59.jar C:\Users\rassools\.m2\repository\org\seleniumhq\selenium\selenium-edge-driver\3.141.59\selenium-edge-driver-3.141.59.jar C:\Users\rassools\.m2\repository\org\seleniumhq\selenium\selenium-firefox-driver\3.141.59\selenium-firefox-driver-3.141.59.jar C:\Users\rassools\.m2\repository\org\seleniumhq\selenium\selenium-ie-driver\3.141.59\selenium-ie-driver-3.141.59.jar C:\Users\rassools\.m2\repository\org\seleniumhq\selenium\selenium-opera-driver\3.141.59\selenium-opera-driver-3.141.59.jar C:\Users\rassools\.m2\repository\org\seleniumhq\selenium\selenium-remote-driver\3.141.59\selenium-remote-driver-3.141.59.jar C:\Users\rassools\.m2\repository\org\seleniumhq\selenium\selenium-safari-driver\3.141.59\selenium-safari-driver-3.141.59.jar C:\Users\rassools\.m2\repository\org\seleniumhq\selenium\selenium-support\3.141.59\selenium-support-3.141.59.jar C:\Users\rassools\.m2\repository\net\bytebuddy\byte-buddy\1.8.15\byte-buddy-1.8.15.jar C:\Users\rassools\.m2\repository\org\apache\commons\commons-exec\1.3\commons-exec-1.3.jar C:\Users\rassools\.m2\repository\com\google\guava\guava\25.0-jre\guava-25.0-jre.jar C:\Users\rassools\.m2\repository\com\google\code\findbugs\jsr305\1.3.9\jsr305-1.3.9.jar C:\Users\rassools\.m2\repository\org\checkerframework\checker-compat-qual\2.0.0\checker-compat-qual-2.0.0.jar C:\Users\rassools\.m2\repository\com\google\errorprone\error_prone_annotations\2.1.3\error_prone_annotations-2.1.3.jar C:\Users\rassools\.m2\repository\com\google\j2objc\j2objc-annotations\1.1\j2objc-annotations-1.1.jar C:\Users\rassools\.m2\repository\org\codehaus\mojo\animal-sniffer-annotations\1.14\animal-sniffer-annotations-1.14.jar C:\Users\rassools\.m2\repository\com\squareup\okhttp3\okhttp\3.11.0\okhttp-3.11.0.jar C:\Users\rassools\.m2\repository\com\squareup\okio\okio\1.14.0\okio-1.14.0.jar C:\Users\rassools\.m2\repository\log4j\log4j\1.2.17\log4j-1.2.17.jar
  VMArgs:    -ea
  Class:     org.testng.remote.RemoteTestNG
  Args:      -serport 56847 -protocol json -d C:\Users\rassools\Desktop\Fuse2\com.loginpagecli\test-output C:\Users\rassools\Desktop\Fuse2\com.loginpagecli\testng.xml
java -ea -classpath C:\Program Files\eclipse\configuration\org.eclipse.osgi\966\0\.cp\lib\testng-remote.jar:C:\Users\rassools\Desktop\Fuse2\com.loginpagecli\target\test-classes:C:\Users\rassools\Desktop\Fuse2\com.loginpagecli\target\classes:C:\Users\rassools\.m2\repository\org\testng\testng\6.9.6\testng-6.9.6.jar:C:\Users\rassools\.m2\repository\com\google\inject\guice\4.0\guice-4.0-no_aop.jar:C:\Users\rassools\.m2\repository\javax\inject\javax.inject\1\javax.inject-1.jar:C:\Users\rassools\.m2\repository\aopalliance\aopalliance\1.0\aopalliance-1.0.jar:C:\Users\rassools\.m2\repository\org\beanshell\bsh\2.0b4\bsh-2.0b4.jar:C:\Users\rassools\.m2\repository\org\apache\ant\ant\1.7.0\ant-1.7.0.jar:C:\Users\rassools\.m2\repository\org\apache\ant\ant-launcher\1.7.0\ant-launcher-1.7.0.jar:C:\Users\rassools\.m2\repository\com\beust\jcommander\1.48\jcommander-1.48.jar:C:\Users\rassools\.m2\repository\org\yaml\snakeyaml\1.15\snakeyaml-1.15.jar:C:\Users\rassools\.m2\repository\junit\junit\4.10\junit-4.10.jar:C:\Users\rassools\.m2\repository\org\hamcrest\hamcrest-core\1.1\hamcrest-core-1.1.jar:C:\Users\rassools\.m2\repository\org\seleniumhq\selenium\selenium-java\3.141.59\selenium-java-3.141.59.jar:C:\Users\rassools\.m2\repository\org\seleniumhq\selenium\selenium-api\3.141.59\selenium-api-3.141.59.jar:C:\Users\rassools\.m2\repository\org\seleniumhq\selenium\selenium-chrome-driver\3.141.59\selenium-chrome-driver-3.141.59.jar:C:\Users\rassools\.m2\repository\org\seleniumhq\selenium\selenium-edge-driver\3.141.59\selenium-edge-driver-3.141.59.jar:C:\Users\rassools\.m2\repository\org\seleniumhq\selenium\selenium-firefox-driver\3.141.59\selenium-firefox-driver-3.141.59.jar:C:\Users\rassools\.m2\repository\org\seleniumhq\selenium\selenium-ie-driver\3.141.59\selenium-ie-driver-3.141.59.jar:C:\Users\rassools\.m2\repository\org\seleniumhq\selenium\selenium-opera-driver\3.141.59\selenium-opera-driver-3.141.59.jar:C:\Users\rassools\.m2\repository\org\seleniumhq\selenium\selenium-remote-driver\3.141.59\selenium-remote-driver-3.141.59.jar:C:\Users\rassools\.m2\repository\org\seleniumhq\selenium\selenium-safari-driver\3.141.59\selenium-safari-driver-3.141.59.jar:C:\Users\rassools\.m2\repository\org\seleniumhq\selenium\selenium-support\3.141.59\selenium-support-3.141.59.jar:C:\Users\rassools\.m2\repository\net\bytebuddy\byte-buddy\1.8.15\byte-buddy-1.8.15.jar:C:\Users\rassools\.m2\repository\org\apache\commons\commons-exec\1.3\commons-exec-1.3.jar:C:\Users\rassools\.m2\repository\com\google\guava\guava\25.0-jre\guava-25.0-jre.jar:C:\Users\rassools\.m2\repository\com\google\code\findbugs\jsr305\1.3.9\jsr305-1.3.9.jar:C:\Users\rassools\.m2\repository\org\checkerframework\checker-compat-qual\2.0.0\checker-compat-qual-2.0.0.jar:C:\Users\rassools\.m2\repository\com\google\errorprone\error_prone_annotations\2.1.3\error_prone_annotations-2.1.3.jar:C:\Users\rassools\.m2\repository\com\google\j2objc\j2objc-annotations\1.1\j2objc-annotations-1.1.jar:C:\Users\rassools\.m2\repository\org\codehaus\mojo\animal-sniffer-annotations\1.14\animal-sniffer-annotations-1.14.jar:C:\Users\rassools\.m2\repository\com\squareup\okhttp3\okhttp\3.11.0\okhttp-3.11.0.jar:C:\Users\rassools\.m2\repository\com\squareup\okio\okio\1.14.0\okio-1.14.0.jar:C:\Users\rassools\.m2\repository\log4j\log4j\1.2.17\log4j-1.2.17.jar org.testng.remote.RemoteTestNG -serport 56847 -protocol json -d C:\Users\rassools\Desktop\Fuse2\com.loginpagecli\test-output C:\Users\rassools\Desktop\Fuse2\com.loginpagecli\testng.xml

!ENTRY org.eclipse.m2e.logback.appender 2 0 2019-07-22 13:52:40.809
!MESSAGE Using platform encoding (Cp1252 actually) to copy filtered resources, i.e. build is platform dependent!

!ENTRY org.eclipse.m2e.logback.appender 2 0 2019-07-22 13:52:40.812
!MESSAGE Using platform encoding (Cp1252 actually) to copy filtered resources, i.e. build is platform dependent!

!ENTRY org.eclipse.m2e.logback.appender 2 0 2019-07-22 13:54:35.648
!MESSAGE Using platform encoding (Cp1252 actually) to copy filtered resources, i.e. build is platform dependent!

!ENTRY org.eclipse.m2e.logback.appender 2 0 2019-07-22 13:54:35.651
!MESSAGE Using platform encoding (Cp1252 actually) to copy filtered resources, i.e. build is platform dependent!

!ENTRY org.eclipse.m2e.logback.appender 2 0 2019-07-22 13:54:38.877
!MESSAGE Using platform encoding (Cp1252 actually) to copy filtered resources, i.e. build is platform dependent!

!ENTRY org.eclipse.m2e.logback.appender 2 0 2019-07-22 13:54:38.881
!MESSAGE Using platform encoding (Cp1252 actually) to copy filtered resources, i.e. build is platform dependent!

!ENTRY org.eclipse.m2e.logback.appender 2 0 2019-07-22 13:55:15.904
!MESSAGE Using platform encoding (Cp1252 actually) to copy filtered resources, i.e. build is platform dependent!

!ENTRY org.eclipse.m2e.logback.appender 2 0 2019-07-22 13:55:15.907
!MESSAGE Using platform encoding (Cp1252 actually) to copy filtered resources, i.e. build is platform dependent!
